{"C:\\Users\\Teacher\\Desktop\\TEAMWORK1\\teamwork\\server\\test\\ArticlesTests.spec.js":{"path":"C:\\Users\\Teacher\\Desktop\\TEAMWORK1\\teamwork\\server\\test\\ArticlesTests.spec.js","statementMap":{"0":{"start":{"line":3,"column":12},"end":{"line":3,"column":52}},"1":{"start":{"line":5,"column":16},"end":{"line":5,"column":60}},"2":{"start":{"line":7,"column":13},"end":{"line":7,"column":62}},"3":{"start":{"line":9,"column":20},"end":{"line":9,"column":67}},"4":{"start":{"line":11,"column":39},"end":{"line":11,"column":95}},"5":{"start":{"line":13,"column":38},"end":{"line":13,"column":85}},"6":{"start":{"line":13,"column":73},"end":{"line":13,"column":85}},"7":{"start":{"line":13,"column":98},"end":{"line":13,"column":111}},"8":{"start":{"line":13,"column":113},"end":{"line":13,"column":194}},"9":{"start":{"line":13,"column":178},"end":{"line":13,"column":191}},"10":{"start":{"line":13,"column":195},"end":{"line":13,"column":208}},"11":{"start":{"line":15,"column":40},"end":{"line":15,"column":82}},"12":{"start":{"line":15,"column":69},"end":{"line":15,"column":80}},"13":{"start":{"line":15,"column":95},"end":{"line":15,"column":121}},"14":{"start":{"line":15,"column":123},"end":{"line":15,"column":178}},"15":{"start":{"line":15,"column":154},"end":{"line":15,"column":176}},"16":{"start":{"line":15,"column":192},"end":{"line":15,"column":194}},"17":{"start":{"line":15,"column":196},"end":{"line":15,"column":583}},"18":{"start":{"line":15,"column":243},"end":{"line":15,"column":299}},"19":{"start":{"line":15,"column":301},"end":{"line":15,"column":581}},"20":{"start":{"line":15,"column":324},"end":{"line":15,"column":579}},"21":{"start":{"line":15,"column":389},"end":{"line":15,"column":461}},"22":{"start":{"line":15,"column":463},"end":{"line":15,"column":577}},"23":{"start":{"line":15,"column":501},"end":{"line":15,"column":542}},"24":{"start":{"line":15,"column":552},"end":{"line":15,"column":575}},"25":{"start":{"line":15,"column":584},"end":{"line":15,"column":608}},"26":{"start":{"line":15,"column":609},"end":{"line":15,"column":647}},"27":{"start":{"line":15,"column":622},"end":{"line":15,"column":645}},"28":{"start":{"line":15,"column":648},"end":{"line":15,"column":662}},"29":{"start":{"line":17,"column":0},"end":{"line":17,"column":43}},"30":{"start":{"line":19,"column":0},"end":{"line":19,"column":26}},"31":{"start":{"line":22,"column":0},"end":{"line":64,"column":3}},"32":{"start":{"line":23,"column":2},"end":{"line":42,"column":5}},"33":{"start":{"line":24,"column":15},"end":{"line":30,"column":5}},"34":{"start":{"line":31,"column":21},"end":{"line":34,"column":5}},"35":{"start":{"line":36,"column":16},"end":{"line":36,"column":68}},"36":{"start":{"line":38,"column":4},"end":{"line":41,"column":7}},"37":{"start":{"line":39,"column":6},"end":{"line":39,"column":50}},"38":{"start":{"line":40,"column":6},"end":{"line":40,"column":13}},"39":{"start":{"line":43,"column":2},"end":{"line":63,"column":5}},"40":{"start":{"line":44,"column":15},"end":{"line":50,"column":5}},"41":{"start":{"line":51,"column":21},"end":{"line":54,"column":5}},"42":{"start":{"line":56,"column":16},"end":{"line":56,"column":68}},"43":{"start":{"line":58,"column":4},"end":{"line":62,"column":7}},"44":{"start":{"line":59,"column":6},"end":{"line":59,"column":32}},"45":{"start":{"line":59,"column":15},"end":{"line":59,"column":32}},"46":{"start":{"line":60,"column":6},"end":{"line":60,"column":50}},"47":{"start":{"line":61,"column":6},"end":{"line":61,"column":13}},"48":{"start":{"line":65,"column":0},"end":{"line":84,"column":3}},"49":{"start":{"line":66,"column":2},"end":{"line":83,"column":5}},"50":{"start":{"line":67,"column":17},"end":{"line":73,"column":5}},"51":{"start":{"line":75,"column":16},"end":{"line":77,"column":6}},"52":{"start":{"line":79,"column":4},"end":{"line":82,"column":7}},"53":{"start":{"line":80,"column":6},"end":{"line":80,"column":50}},"54":{"start":{"line":81,"column":6},"end":{"line":81,"column":13}},"55":{"start":{"line":86,"column":0},"end":{"line":105,"column":3}},"56":{"start":{"line":87,"column":2},"end":{"line":104,"column":5}},"57":{"start":{"line":88,"column":17},"end":{"line":94,"column":5}},"58":{"start":{"line":96,"column":16},"end":{"line":98,"column":6}},"59":{"start":{"line":100,"column":4},"end":{"line":103,"column":7}},"60":{"start":{"line":101,"column":6},"end":{"line":101,"column":50}},"61":{"start":{"line":102,"column":6},"end":{"line":102,"column":13}},"62":{"start":{"line":107,"column":0},"end":{"line":126,"column":3}},"63":{"start":{"line":108,"column":2},"end":{"line":125,"column":5}},"64":{"start":{"line":109,"column":17},"end":{"line":115,"column":5}},"65":{"start":{"line":117,"column":16},"end":{"line":119,"column":6}},"66":{"start":{"line":121,"column":4},"end":{"line":124,"column":7}},"67":{"start":{"line":122,"column":6},"end":{"line":122,"column":50}},"68":{"start":{"line":123,"column":6},"end":{"line":123,"column":13}},"69":{"start":{"line":127,"column":0},"end":{"line":144,"column":3}},"70":{"start":{"line":128,"column":15},"end":{"line":134,"column":3}},"71":{"start":{"line":136,"column":14},"end":{"line":138,"column":4}},"72":{"start":{"line":140,"column":2},"end":{"line":143,"column":5}},"73":{"start":{"line":141,"column":4},"end":{"line":141,"column":48}},"74":{"start":{"line":142,"column":4},"end":{"line":142,"column":11}},"75":{"start":{"line":145,"column":0},"end":{"line":162,"column":3}},"76":{"start":{"line":146,"column":15},"end":{"line":152,"column":3}},"77":{"start":{"line":154,"column":14},"end":{"line":156,"column":4}},"78":{"start":{"line":158,"column":2},"end":{"line":161,"column":5}},"79":{"start":{"line":159,"column":4},"end":{"line":159,"column":48}},"80":{"start":{"line":160,"column":4},"end":{"line":160,"column":11}},"81":{"start":{"line":164,"column":0},"end":{"line":184,"column":3}},"82":{"start":{"line":165,"column":15},"end":{"line":171,"column":3}},"83":{"start":{"line":172,"column":23},"end":{"line":174,"column":3}},"84":{"start":{"line":176,"column":14},"end":{"line":178,"column":4}},"85":{"start":{"line":180,"column":2},"end":{"line":183,"column":5}},"86":{"start":{"line":181,"column":4},"end":{"line":181,"column":48}},"87":{"start":{"line":182,"column":4},"end":{"line":182,"column":11}},"88":{"start":{"line":185,"column":0},"end":{"line":205,"column":3}},"89":{"start":{"line":186,"column":15},"end":{"line":192,"column":3}},"90":{"start":{"line":193,"column":23},"end":{"line":195,"column":3}},"91":{"start":{"line":197,"column":14},"end":{"line":199,"column":4}},"92":{"start":{"line":201,"column":2},"end":{"line":204,"column":5}},"93":{"start":{"line":202,"column":4},"end":{"line":202,"column":48}},"94":{"start":{"line":203,"column":4},"end":{"line":203,"column":11}}},"fnMap":{"0":{"name":"_interopRequireDefault","decl":{"start":{"line":11,"column":9},"end":{"line":11,"column":31}},"loc":{"start":{"line":11,"column":37},"end":{"line":11,"column":97}},"line":11},"1":{"name":"_getRequireWildcardCache","decl":{"start":{"line":13,"column":9},"end":{"line":13,"column":33}},"loc":{"start":{"line":13,"column":36},"end":{"line":13,"column":210}},"line":13},"2":{"name":"_getRequireWildcardCache","decl":{"start":{"line":13,"column":149},"end":{"line":13,"column":173}},"loc":{"start":{"line":13,"column":176},"end":{"line":13,"column":193}},"line":13},"3":{"name":"_interopRequireWildcard","decl":{"start":{"line":15,"column":9},"end":{"line":15,"column":32}},"loc":{"start":{"line":15,"column":38},"end":{"line":15,"column":664}},"line":15},"4":{"name":"(anonymous_4)","decl":{"start":{"line":22,"column":25},"end":{"line":22,"column":26}},"loc":{"start":{"line":22,"column":37},"end":{"line":64,"column":1}},"line":22},"5":{"name":"(anonymous_5)","decl":{"start":{"line":23,"column":49},"end":{"line":23,"column":50}},"loc":{"start":{"line":23,"column":65},"end":{"line":42,"column":3}},"line":23},"6":{"name":"(anonymous_6)","decl":{"start":{"line":38,"column":115},"end":{"line":38,"column":116}},"loc":{"start":{"line":38,"column":135},"end":{"line":41,"column":5}},"line":38},"7":{"name":"(anonymous_7)","decl":{"start":{"line":43,"column":70},"end":{"line":43,"column":71}},"loc":{"start":{"line":43,"column":86},"end":{"line":63,"column":3}},"line":43},"8":{"name":"(anonymous_8)","decl":{"start":{"line":58,"column":115},"end":{"line":58,"column":116}},"loc":{"start":{"line":58,"column":135},"end":{"line":62,"column":5}},"line":58},"9":{"name":"(anonymous_9)","decl":{"start":{"line":65,"column":35},"end":{"line":65,"column":36}},"loc":{"start":{"line":65,"column":47},"end":{"line":84,"column":1}},"line":65},"10":{"name":"(anonymous_10)","decl":{"start":{"line":66,"column":69},"end":{"line":66,"column":70}},"loc":{"start":{"line":66,"column":85},"end":{"line":83,"column":3}},"line":66},"11":{"name":"(anonymous_11)","decl":{"start":{"line":79,"column":94},"end":{"line":79,"column":95}},"loc":{"start":{"line":79,"column":114},"end":{"line":82,"column":5}},"line":79},"12":{"name":"(anonymous_12)","decl":{"start":{"line":86,"column":39},"end":{"line":86,"column":40}},"loc":{"start":{"line":86,"column":51},"end":{"line":105,"column":1}},"line":86},"13":{"name":"(anonymous_13)","decl":{"start":{"line":87,"column":48},"end":{"line":87,"column":49}},"loc":{"start":{"line":87,"column":64},"end":{"line":104,"column":3}},"line":87},"14":{"name":"(anonymous_14)","decl":{"start":{"line":100,"column":99},"end":{"line":100,"column":100}},"loc":{"start":{"line":100,"column":119},"end":{"line":103,"column":5}},"line":100},"15":{"name":"(anonymous_15)","decl":{"start":{"line":107,"column":35},"end":{"line":107,"column":36}},"loc":{"start":{"line":107,"column":47},"end":{"line":126,"column":1}},"line":107},"16":{"name":"(anonymous_16)","decl":{"start":{"line":108,"column":59},"end":{"line":108,"column":60}},"loc":{"start":{"line":108,"column":75},"end":{"line":125,"column":3}},"line":108},"17":{"name":"(anonymous_17)","decl":{"start":{"line":121,"column":105},"end":{"line":121,"column":106}},"loc":{"start":{"line":121,"column":125},"end":{"line":124,"column":5}},"line":121},"18":{"name":"(anonymous_18)","decl":{"start":{"line":127,"column":55},"end":{"line":127,"column":56}},"loc":{"start":{"line":127,"column":71},"end":{"line":144,"column":1}},"line":127},"19":{"name":"(anonymous_19)","decl":{"start":{"line":140,"column":105},"end":{"line":140,"column":106}},"loc":{"start":{"line":140,"column":125},"end":{"line":143,"column":3}},"line":140},"20":{"name":"(anonymous_20)","decl":{"start":{"line":145,"column":68},"end":{"line":145,"column":69}},"loc":{"start":{"line":145,"column":84},"end":{"line":162,"column":1}},"line":145},"21":{"name":"(anonymous_21)","decl":{"start":{"line":158,"column":103},"end":{"line":158,"column":104}},"loc":{"start":{"line":158,"column":123},"end":{"line":161,"column":3}},"line":158},"22":{"name":"(anonymous_22)","decl":{"start":{"line":164,"column":69},"end":{"line":164,"column":70}},"loc":{"start":{"line":164,"column":85},"end":{"line":184,"column":1}},"line":164},"23":{"name":"(anonymous_23)","decl":{"start":{"line":180,"column":128},"end":{"line":180,"column":129}},"loc":{"start":{"line":180,"column":148},"end":{"line":183,"column":3}},"line":180},"24":{"name":"(anonymous_24)","decl":{"start":{"line":185,"column":89},"end":{"line":185,"column":90}},"loc":{"start":{"line":185,"column":105},"end":{"line":205,"column":1}},"line":185},"25":{"name":"(anonymous_25)","decl":{"start":{"line":201,"column":130},"end":{"line":201,"column":131}},"loc":{"start":{"line":201,"column":150},"end":{"line":204,"column":3}},"line":201}},"branchMap":{"0":{"loc":{"start":{"line":11,"column":46},"end":{"line":11,"column":94}},"type":"cond-expr","locations":[{"start":{"line":11,"column":70},"end":{"line":11,"column":73}},{"start":{"line":11,"column":76},"end":{"line":11,"column":94}}],"line":11},"1":{"loc":{"start":{"line":11,"column":46},"end":{"line":11,"column":67}},"type":"binary-expr","locations":[{"start":{"line":11,"column":46},"end":{"line":11,"column":49}},{"start":{"line":11,"column":53},"end":{"line":11,"column":67}}],"line":11},"2":{"loc":{"start":{"line":13,"column":38},"end":{"line":13,"column":85}},"type":"if","locations":[{"start":{"line":13,"column":38},"end":{"line":13,"column":85}},{"start":{"line":13,"column":38},"end":{"line":13,"column":85}}],"line":13},"3":{"loc":{"start":{"line":15,"column":40},"end":{"line":15,"column":82}},"type":"if","locations":[{"start":{"line":15,"column":40},"end":{"line":15,"column":82}},{"start":{"line":15,"column":40},"end":{"line":15,"column":82}}],"line":15},"4":{"loc":{"start":{"line":15,"column":44},"end":{"line":15,"column":65}},"type":"binary-expr","locations":[{"start":{"line":15,"column":44},"end":{"line":15,"column":47}},{"start":{"line":15,"column":51},"end":{"line":15,"column":65}}],"line":15},"5":{"loc":{"start":{"line":15,"column":123},"end":{"line":15,"column":178}},"type":"if","locations":[{"start":{"line":15,"column":123},"end":{"line":15,"column":178}},{"start":{"line":15,"column":123},"end":{"line":15,"column":178}}],"line":15},"6":{"loc":{"start":{"line":15,"column":127},"end":{"line":15,"column":150}},"type":"binary-expr","locations":[{"start":{"line":15,"column":127},"end":{"line":15,"column":132}},{"start":{"line":15,"column":136},"end":{"line":15,"column":150}}],"line":15},"7":{"loc":{"start":{"line":15,"column":196},"end":{"line":15,"column":583}},"type":"if","locations":[{"start":{"line":15,"column":196},"end":{"line":15,"column":583}},{"start":{"line":15,"column":196},"end":{"line":15,"column":583}}],"line":15},"8":{"loc":{"start":{"line":15,"column":243},"end":{"line":15,"column":299}},"type":"binary-expr","locations":[{"start":{"line":15,"column":243},"end":{"line":15,"column":264}},{"start":{"line":15,"column":268},"end":{"line":15,"column":299}}],"line":15},"9":{"loc":{"start":{"line":15,"column":324},"end":{"line":15,"column":579}},"type":"if","locations":[{"start":{"line":15,"column":324},"end":{"line":15,"column":579}},{"start":{"line":15,"column":324},"end":{"line":15,"column":579}}],"line":15},"10":{"loc":{"start":{"line":15,"column":389},"end":{"line":15,"column":461}},"type":"cond-expr","locations":[{"start":{"line":15,"column":413},"end":{"line":15,"column":454}},{"start":{"line":15,"column":457},"end":{"line":15,"column":461}}],"line":15},"11":{"loc":{"start":{"line":15,"column":463},"end":{"line":15,"column":577}},"type":"if","locations":[{"start":{"line":15,"column":463},"end":{"line":15,"column":577}},{"start":{"line":15,"column":463},"end":{"line":15,"column":577}}],"line":15},"12":{"loc":{"start":{"line":15,"column":467},"end":{"line":15,"column":497}},"type":"binary-expr","locations":[{"start":{"line":15,"column":467},"end":{"line":15,"column":471}},{"start":{"line":15,"column":476},"end":{"line":15,"column":484}},{"start":{"line":15,"column":488},"end":{"line":15,"column":496}}],"line":15},"13":{"loc":{"start":{"line":15,"column":609},"end":{"line":15,"column":647}},"type":"if","locations":[{"start":{"line":15,"column":609},"end":{"line":15,"column":647}},{"start":{"line":15,"column":609},"end":{"line":15,"column":647}}],"line":15},"14":{"loc":{"start":{"line":59,"column":6},"end":{"line":59,"column":32}},"type":"if","locations":[{"start":{"line":59,"column":6},"end":{"line":59,"column":32}},{"start":{"line":59,"column":6},"end":{"line":59,"column":32}}],"line":59}},"s":{"0":1,"1":1,"2":1,"3":1,"4":3,"5":1,"6":0,"7":1,"8":1,"9":0,"10":1,"11":1,"12":0,"13":1,"14":1,"15":0,"16":1,"17":1,"18":1,"19":1,"20":10,"21":10,"22":10,"23":0,"24":10,"25":1,"26":1,"27":1,"28":1,"29":1,"30":1,"31":1,"32":1,"33":1,"34":1,"35":1,"36":1,"37":1,"38":1,"39":1,"40":1,"41":1,"42":1,"43":1,"44":1,"45":0,"46":1,"47":1,"48":1,"49":1,"50":1,"51":1,"52":1,"53":1,"54":1,"55":1,"56":1,"57":1,"58":1,"59":1,"60":1,"61":1,"62":1,"63":1,"64":1,"65":1,"66":1,"67":1,"68":1,"69":1,"70":1,"71":1,"72":1,"73":1,"74":1,"75":1,"76":1,"77":1,"78":1,"79":1,"80":1,"81":1,"82":1,"83":1,"84":1,"85":1,"86":1,"87":1,"88":1,"89":1,"90":1,"91":1,"92":1,"93":1,"94":1},"f":{"0":3,"1":1,"2":0,"3":1,"4":1,"5":1,"6":1,"7":1,"8":1,"9":1,"10":1,"11":1,"12":1,"13":1,"14":1,"15":1,"16":1,"17":1,"18":1,"19":1,"20":1,"21":1,"22":1,"23":1,"24":1,"25":1},"b":{"0":[1,2],"1":[3,3],"2":[0,1],"3":[0,1],"4":[1,1],"5":[0,1],"6":[1,1],"7":[1,0],"8":[1,1],"9":[10,0],"10":[10,0],"11":[0,10],"12":[10,10,10],"13":[1,0],"14":[0,1]},"_coverageSchema":"43e27e138ebf9cfc5966b082cf9a028302ed4184","hash":"c148507f3e67326fd933e4204c60a8b75b807000","contentHash":"f00968a4e5fcf8a353afcda7fd0a5e0c00a3e4422357c9a6b4e10ffcfa1389ac"},"C:\\Users\\Teacher\\Desktop\\TEAMWORK1\\teamwork\\index.js":{"path":"C:\\Users\\Teacher\\Desktop\\TEAMWORK1\\teamwork\\index.js","statementMap":{"0":{"start":{"line":3,"column":0},"end":{"line":5,"column":3}},"1":{"start":{"line":6,"column":0},"end":{"line":6,"column":28}},"2":{"start":{"line":8,"column":15},"end":{"line":8,"column":57}},"3":{"start":{"line":10,"column":14},"end":{"line":10,"column":55}},"4":{"start":{"line":12,"column":18},"end":{"line":12,"column":64}},"5":{"start":{"line":14,"column":18},"end":{"line":14,"column":79}},"6":{"start":{"line":16,"column":39},"end":{"line":16,"column":95}},"7":{"start":{"line":18,"column":10},"end":{"line":18,"column":36}},"8":{"start":{"line":19,"column":0},"end":{"line":21,"column":4}},"9":{"start":{"line":22,"column":0},"end":{"line":22,"column":39}},"10":{"start":{"line":24,"column":0},"end":{"line":24,"column":28}},"11":{"start":{"line":26,"column":0},"end":{"line":28,"column":3}},"12":{"start":{"line":27,"column":2},"end":{"line":27,"column":66}},"13":{"start":{"line":29,"column":0},"end":{"line":29,"column":43}},"14":{"start":{"line":30,"column":0},"end":{"line":32,"column":3}},"15":{"start":{"line":31,"column":2},"end":{"line":31,"column":42}},"16":{"start":{"line":33,"column":11},"end":{"line":33,"column":35}},"17":{"start":{"line":34,"column":0},"end":{"line":36,"column":3}},"18":{"start":{"line":35,"column":2},"end":{"line":35,"column":56}},"19":{"start":{"line":37,"column":15},"end":{"line":37,"column":18}},"20":{"start":{"line":38,"column":0},"end":{"line":38,"column":30}}},"fnMap":{"0":{"name":"_interopRequireDefault","decl":{"start":{"line":16,"column":9},"end":{"line":16,"column":31}},"loc":{"start":{"line":16,"column":37},"end":{"line":16,"column":97}},"line":16},"1":{"name":"(anonymous_1)","decl":{"start":{"line":26,"column":13},"end":{"line":26,"column":14}},"loc":{"start":{"line":26,"column":33},"end":{"line":28,"column":1}},"line":26},"2":{"name":"(anonymous_2)","decl":{"start":{"line":30,"column":13},"end":{"line":30,"column":14}},"loc":{"start":{"line":30,"column":33},"end":{"line":32,"column":1}},"line":30},"3":{"name":"(anonymous_3)","decl":{"start":{"line":34,"column":17},"end":{"line":34,"column":18}},"loc":{"start":{"line":34,"column":29},"end":{"line":36,"column":1}},"line":34}},"branchMap":{"0":{"loc":{"start":{"line":16,"column":46},"end":{"line":16,"column":94}},"type":"cond-expr","locations":[{"start":{"line":16,"column":70},"end":{"line":16,"column":73}},{"start":{"line":16,"column":76},"end":{"line":16,"column":94}}],"line":16},"1":{"loc":{"start":{"line":16,"column":46},"end":{"line":16,"column":67}},"type":"binary-expr","locations":[{"start":{"line":16,"column":46},"end":{"line":16,"column":49}},{"start":{"line":16,"column":53},"end":{"line":16,"column":67}}],"line":16},"2":{"loc":{"start":{"line":33,"column":11},"end":{"line":33,"column":35}},"type":"binary-expr","locations":[{"start":{"line":33,"column":11},"end":{"line":33,"column":27}},{"start":{"line":33,"column":31},"end":{"line":33,"column":35}}],"line":33}},"s":{"0":1,"1":1,"2":1,"3":1,"4":1,"5":1,"6":4,"7":1,"8":1,"9":1,"10":1,"11":1,"12":0,"13":1,"14":1,"15":0,"16":1,"17":1,"18":1,"19":1,"20":1},"f":{"0":4,"1":0,"2":0,"3":1},"b":{"0":[1,3],"1":[4,4],"2":[1,0]},"_coverageSchema":"43e27e138ebf9cfc5966b082cf9a028302ed4184","hash":"108413d9ed4a518a05ddeda6ddf26c30c3698877","contentHash":"d30fcb15c77d7e48f14b57391c2eb58ee0e3435c6ea90ed9c7055e2fd383e0dc"},"C:\\Users\\Teacher\\Desktop\\TEAMWORK1\\teamwork\\server\\routes\\userRoutes.js":{"path":"C:\\Users\\Teacher\\Desktop\\TEAMWORK1\\teamwork\\server\\routes\\userRoutes.js","statementMap":{"0":{"start":{"line":3,"column":0},"end":{"line":5,"column":3}},"1":{"start":{"line":6,"column":0},"end":{"line":6,"column":28}},"2":{"start":{"line":8,"column":15},"end":{"line":8,"column":57}},"3":{"start":{"line":10,"column":20},"end":{"line":10,"column":82}},"4":{"start":{"line":12,"column":15},"end":{"line":12,"column":72}},"5":{"start":{"line":14,"column":14},"end":{"line":14,"column":70}},"6":{"start":{"line":16,"column":14},"end":{"line":16,"column":70}},"7":{"start":{"line":18,"column":21},"end":{"line":18,"column":84}},"8":{"start":{"line":20,"column":12},"end":{"line":20,"column":66}},"9":{"start":{"line":22,"column":21},"end":{"line":22,"column":84}},"10":{"start":{"line":24,"column":15},"end":{"line":24,"column":72}},"11":{"start":{"line":26,"column":19},"end":{"line":26,"column":76}},"12":{"start":{"line":28,"column":19},"end":{"line":28,"column":76}},"13":{"start":{"line":30,"column":39},"end":{"line":30,"column":95}},"14":{"start":{"line":32,"column":13},"end":{"line":32,"column":41}},"15":{"start":{"line":34,"column":0},"end":{"line":34,"column":87}},"16":{"start":{"line":35,"column":0},"end":{"line":35,"column":87}},"17":{"start":{"line":36,"column":0},"end":{"line":36,"column":134}},"18":{"start":{"line":37,"column":0},"end":{"line":37,"column":87}},"19":{"start":{"line":38,"column":0},"end":{"line":38,"column":102}},"20":{"start":{"line":39,"column":0},"end":{"line":39,"column":147}},"21":{"start":{"line":40,"column":0},"end":{"line":40,"column":82}},"22":{"start":{"line":41,"column":0},"end":{"line":41,"column":99}},"23":{"start":{"line":42,"column":15},"end":{"line":42,"column":21}},"24":{"start":{"line":43,"column":0},"end":{"line":43,"column":30}}},"fnMap":{"0":{"name":"_interopRequireDefault","decl":{"start":{"line":30,"column":9},"end":{"line":30,"column":31}},"loc":{"start":{"line":30,"column":37},"end":{"line":30,"column":97}},"line":30}},"branchMap":{"0":{"loc":{"start":{"line":30,"column":46},"end":{"line":30,"column":94}},"type":"cond-expr","locations":[{"start":{"line":30,"column":70},"end":{"line":30,"column":73}},{"start":{"line":30,"column":76},"end":{"line":30,"column":94}}],"line":30},"1":{"loc":{"start":{"line":30,"column":46},"end":{"line":30,"column":67}},"type":"binary-expr","locations":[{"start":{"line":30,"column":46},"end":{"line":30,"column":49}},{"start":{"line":30,"column":53},"end":{"line":30,"column":67}}],"line":30}},"s":{"0":1,"1":1,"2":1,"3":1,"4":1,"5":1,"6":1,"7":1,"8":1,"9":1,"10":1,"11":1,"12":1,"13":11,"14":1,"15":1,"16":1,"17":1,"18":1,"19":1,"20":1,"21":1,"22":1,"23":1,"24":1},"f":{"0":11},"b":{"0":[10,1],"1":[11,11]},"_coverageSchema":"43e27e138ebf9cfc5966b082cf9a028302ed4184","hash":"22c57403dc98e7cdc1c4a80ca7636e1426ae07c1","contentHash":"a5b0f92f7c6a80d9ed1ff83036a0509668aea405c23f2ccfdae085c32a6aaeba"},"C:\\Users\\Teacher\\Desktop\\TEAMWORK1\\teamwork\\server\\controllers\\ViewSpecific.js":{"path":"C:\\Users\\Teacher\\Desktop\\TEAMWORK1\\teamwork\\server\\controllers\\ViewSpecific.js","statementMap":{"0":{"start":{"line":3,"column":0},"end":{"line":5,"column":3}},"1":{"start":{"line":6,"column":0},"end":{"line":6,"column":28}},"2":{"start":{"line":8,"column":20},"end":{"line":8,"column":67}},"3":{"start":{"line":10,"column":12},"end":{"line":10,"column":61}},"4":{"start":{"line":12,"column":39},"end":{"line":12,"column":95}},"5":{"start":{"line":14,"column":50},"end":{"line":14,"column":151}},"6":{"start":{"line":14,"column":92},"end":{"line":14,"column":149}},"7":{"start":{"line":16,"column":44},"end":{"line":16,"column":315}},"8":{"start":{"line":16,"column":57},"end":{"line":16,"column":58}},"9":{"start":{"line":16,"column":102},"end":{"line":16,"column":110}},"10":{"start":{"line":16,"column":112},"end":{"line":16,"column":167}},"11":{"start":{"line":16,"column":168},"end":{"line":16,"column":199}},"12":{"start":{"line":16,"column":200},"end":{"line":16,"column":254}},"13":{"start":{"line":16,"column":227},"end":{"line":16,"column":254}},"14":{"start":{"line":16,"column":255},"end":{"line":16,"column":313}},"15":{"start":{"line":18,"column":62},"end":{"line":18,"column":131}},"16":{"start":{"line":18,"column":78},"end":{"line":18,"column":131}},"17":{"start":{"line":18,"column":132},"end":{"line":18,"column":193}},"18":{"start":{"line":18,"column":149},"end":{"line":18,"column":193}},"19":{"start":{"line":18,"column":194},"end":{"line":18,"column":213}},"20":{"start":{"line":22,"column":0},"end":{"line":46,"column":3}},"21":{"start":{"line":24,"column":4},"end":{"line":24,"column":34}},"22":{"start":{"line":27,"column":2},"end":{"line":43,"column":6}},"23":{"start":{"line":30,"column":15},"end":{"line":30,"column":28}},"24":{"start":{"line":32,"column":25},"end":{"line":34,"column":8}},"25":{"start":{"line":33,"column":8},"end":{"line":33,"column":39}},"26":{"start":{"line":37,"column":6},"end":{"line":41,"column":9}},"27":{"start":{"line":45,"column":2},"end":{"line":45,"column":16}},"28":{"start":{"line":50,"column":15},"end":{"line":50,"column":27}},"29":{"start":{"line":52,"column":0},"end":{"line":52,"column":30}}},"fnMap":{"0":{"name":"_interopRequireDefault","decl":{"start":{"line":12,"column":9},"end":{"line":12,"column":31}},"loc":{"start":{"line":12,"column":37},"end":{"line":12,"column":97}},"line":12},"1":{"name":"_classCallCheck","decl":{"start":{"line":14,"column":9},"end":{"line":14,"column":24}},"loc":{"start":{"line":14,"column":48},"end":{"line":14,"column":153}},"line":14},"2":{"name":"_defineProperties","decl":{"start":{"line":16,"column":9},"end":{"line":16,"column":26}},"loc":{"start":{"line":16,"column":42},"end":{"line":16,"column":317}},"line":16},"3":{"name":"_createClass","decl":{"start":{"line":18,"column":9},"end":{"line":18,"column":21}},"loc":{"start":{"line":18,"column":60},"end":{"line":18,"column":215}},"line":18},"4":{"name":"(anonymous_4)","decl":{"start":{"line":22,"column":0},"end":{"line":22,"column":1}},"loc":{"start":{"line":22,"column":12},"end":{"line":46,"column":1}},"line":22},"5":{"name":"Users5","decl":{"start":{"line":23,"column":11},"end":{"line":23,"column":17}},"loc":{"start":{"line":23,"column":20},"end":{"line":25,"column":3}},"line":23},"6":{"name":"viewspecificarticle","decl":{"start":{"line":29,"column":20},"end":{"line":29,"column":39}},"loc":{"start":{"line":29,"column":50},"end":{"line":42,"column":5}},"line":29},"7":{"name":"(anonymous_7)","decl":{"start":{"line":32,"column":56},"end":{"line":32,"column":57}},"loc":{"start":{"line":32,"column":75},"end":{"line":34,"column":7}},"line":32}},"branchMap":{"0":{"loc":{"start":{"line":12,"column":46},"end":{"line":12,"column":94}},"type":"cond-expr","locations":[{"start":{"line":12,"column":70},"end":{"line":12,"column":73}},{"start":{"line":12,"column":76},"end":{"line":12,"column":94}}],"line":12},"1":{"loc":{"start":{"line":12,"column":46},"end":{"line":12,"column":67}},"type":"binary-expr","locations":[{"start":{"line":12,"column":46},"end":{"line":12,"column":49}},{"start":{"line":12,"column":53},"end":{"line":12,"column":67}}],"line":12},"2":{"loc":{"start":{"line":14,"column":50},"end":{"line":14,"column":151}},"type":"if","locations":[{"start":{"line":14,"column":50},"end":{"line":14,"column":151}},{"start":{"line":14,"column":50},"end":{"line":14,"column":151}}],"line":14},"3":{"loc":{"start":{"line":16,"column":136},"end":{"line":16,"column":166}},"type":"binary-expr","locations":[{"start":{"line":16,"column":136},"end":{"line":16,"column":157}},{"start":{"line":16,"column":161},"end":{"line":16,"column":166}}],"line":16},"4":{"loc":{"start":{"line":16,"column":200},"end":{"line":16,"column":254}},"type":"if","locations":[{"start":{"line":16,"column":200},"end":{"line":16,"column":254}},{"start":{"line":16,"column":200},"end":{"line":16,"column":254}}],"line":16},"5":{"loc":{"start":{"line":18,"column":62},"end":{"line":18,"column":131}},"type":"if","locations":[{"start":{"line":18,"column":62},"end":{"line":18,"column":131}},{"start":{"line":18,"column":62},"end":{"line":18,"column":131}}],"line":18},"6":{"loc":{"start":{"line":18,"column":132},"end":{"line":18,"column":193}},"type":"if","locations":[{"start":{"line":18,"column":132},"end":{"line":18,"column":193}},{"start":{"line":18,"column":132},"end":{"line":18,"column":193}}],"line":18}},"s":{"0":1,"1":1,"2":1,"3":1,"4":2,"5":1,"6":0,"7":1,"8":1,"9":1,"10":1,"11":1,"12":1,"13":1,"14":1,"15":1,"16":1,"17":1,"18":0,"19":1,"20":1,"21":1,"22":1,"23":1,"24":1,"25":1,"26":1,"27":1,"28":1,"29":1},"f":{"0":2,"1":1,"2":1,"3":1,"4":1,"5":1,"6":1,"7":1},"b":{"0":[1,1],"1":[2,2],"2":[0,1],"3":[1,1],"4":[1,0],"5":[1,0],"6":[0,1]},"_coverageSchema":"43e27e138ebf9cfc5966b082cf9a028302ed4184","hash":"bcb6266ba0dd87d1ac7dc3710907d0a65740eeb1","contentHash":"44644b16e4636fc8277be75eddfd5c57de1d2aa970ae9be95586ea0935e56250"},"C:\\Users\\Teacher\\Desktop\\TEAMWORK1\\teamwork\\server\\models\\data.js":{"path":"C:\\Users\\Teacher\\Desktop\\TEAMWORK1\\teamwork\\server\\models\\data.js","statementMap":{"0":{"start":{"line":3,"column":0},"end":{"line":5,"column":3}},"1":{"start":{"line":6,"column":0},"end":{"line":6,"column":28}},"2":{"start":{"line":7,"column":11},"end":{"line":48,"column":1}},"3":{"start":{"line":49,"column":15},"end":{"line":49,"column":19}},"4":{"start":{"line":50,"column":0},"end":{"line":50,"column":30}}},"fnMap":{},"branchMap":{},"s":{"0":1,"1":1,"2":1,"3":1,"4":1},"f":{},"b":{},"_coverageSchema":"43e27e138ebf9cfc5966b082cf9a028302ed4184","hash":"4973b83dcb8525b275a7b288426d4fd5dd0f4479","contentHash":"fc46821207fe4c76c718b0ebb196ef3cf6852cb355ccfc2d12ad6354522a8132"},"C:\\Users\\Teacher\\Desktop\\TEAMWORK1\\teamwork\\server\\controllers\\Comment.js":{"path":"C:\\Users\\Teacher\\Desktop\\TEAMWORK1\\teamwork\\server\\controllers\\Comment.js","statementMap":{"0":{"start":{"line":3,"column":0},"end":{"line":5,"column":3}},"1":{"start":{"line":6,"column":0},"end":{"line":6,"column":28}},"2":{"start":{"line":8,"column":12},"end":{"line":8,"column":61}},"3":{"start":{"line":10,"column":39},"end":{"line":10,"column":95}},"4":{"start":{"line":12,"column":54},"end":{"line":12,"column":73}},"5":{"start":{"line":12,"column":75},"end":{"line":12,"column":326}},"6":{"start":{"line":12,"column":125},"end":{"line":12,"column":161}},"7":{"start":{"line":12,"column":163},"end":{"line":12,"column":292}},"8":{"start":{"line":12,"column":183},"end":{"line":12,"column":292}},"9":{"start":{"line":12,"column":225},"end":{"line":12,"column":288}},"10":{"start":{"line":12,"column":293},"end":{"line":12,"column":324}},"11":{"start":{"line":12,"column":327},"end":{"line":12,"column":339}},"12":{"start":{"line":14,"column":33},"end":{"line":14,"column":501}},"13":{"start":{"line":14,"column":46},"end":{"line":14,"column":47}},"14":{"start":{"line":14,"column":91},"end":{"line":14,"column":131}},"15":{"start":{"line":14,"column":133},"end":{"line":14,"column":499}},"16":{"start":{"line":14,"column":146},"end":{"line":14,"column":239}},"17":{"start":{"line":14,"column":193},"end":{"line":14,"column":235}},"18":{"start":{"line":14,"column":247},"end":{"line":14,"column":499}},"19":{"start":{"line":14,"column":287},"end":{"line":14,"column":361}},"20":{"start":{"line":14,"column":371},"end":{"line":14,"column":497}},"21":{"start":{"line":14,"column":412},"end":{"line":14,"column":493}},"22":{"start":{"line":14,"column":502},"end":{"line":14,"column":516}},"23":{"start":{"line":16,"column":44},"end":{"line":16,"column":195}},"24":{"start":{"line":16,"column":62},"end":{"line":16,"column":166}},"25":{"start":{"line":16,"column":176},"end":{"line":16,"column":193}},"26":{"start":{"line":16,"column":196},"end":{"line":16,"column":207}},"27":{"start":{"line":18,"column":50},"end":{"line":18,"column":151}},"28":{"start":{"line":18,"column":92},"end":{"line":18,"column":149}},"29":{"start":{"line":20,"column":44},"end":{"line":20,"column":315}},"30":{"start":{"line":20,"column":57},"end":{"line":20,"column":58}},"31":{"start":{"line":20,"column":102},"end":{"line":20,"column":110}},"32":{"start":{"line":20,"column":112},"end":{"line":20,"column":167}},"33":{"start":{"line":20,"column":168},"end":{"line":20,"column":199}},"34":{"start":{"line":20,"column":200},"end":{"line":20,"column":254}},"35":{"start":{"line":20,"column":227},"end":{"line":20,"column":254}},"36":{"start":{"line":20,"column":255},"end":{"line":20,"column":313}},"37":{"start":{"line":22,"column":62},"end":{"line":22,"column":131}},"38":{"start":{"line":22,"column":78},"end":{"line":22,"column":131}},"39":{"start":{"line":22,"column":132},"end":{"line":22,"column":193}},"40":{"start":{"line":22,"column":149},"end":{"line":22,"column":193}},"41":{"start":{"line":22,"column":194},"end":{"line":22,"column":213}},"42":{"start":{"line":26,"column":0},"end":{"line":70,"column":3}},"43":{"start":{"line":28,"column":4},"end":{"line":28,"column":34}},"44":{"start":{"line":31,"column":2},"end":{"line":67,"column":6}},"45":{"start":{"line":34,"column":20},"end":{"line":34,"column":36}},"46":{"start":{"line":35,"column":22},"end":{"line":35,"column":35}},"47":{"start":{"line":36,"column":21},"end":{"line":36,"column":40}},"48":{"start":{"line":37,"column":22},"end":{"line":37,"column":58}},"49":{"start":{"line":39,"column":25},"end":{"line":41,"column":8}},"50":{"start":{"line":40,"column":8},"end":{"line":40,"column":42}},"51":{"start":{"line":43,"column":6},"end":{"line":48,"column":7}},"52":{"start":{"line":44,"column":8},"end":{"line":47,"column":11}},"53":{"start":{"line":50,"column":23},"end":{"line":57,"column":7}},"54":{"start":{"line":59,"column":6},"end":{"line":59,"column":49}},"55":{"start":{"line":61,"column":6},"end":{"line":65,"column":9}},"56":{"start":{"line":69,"column":2},"end":{"line":69,"column":16}},"57":{"start":{"line":74,"column":15},"end":{"line":74,"column":27}},"58":{"start":{"line":76,"column":0},"end":{"line":76,"column":30}}},"fnMap":{"0":{"name":"_interopRequireDefault","decl":{"start":{"line":10,"column":9},"end":{"line":10,"column":31}},"loc":{"start":{"line":10,"column":37},"end":{"line":10,"column":97}},"line":10},"1":{"name":"ownKeys","decl":{"start":{"line":12,"column":9},"end":{"line":12,"column":16}},"loc":{"start":{"line":12,"column":41},"end":{"line":12,"column":341}},"line":12},"2":{"name":"(anonymous_2)","decl":{"start":{"line":12,"column":208},"end":{"line":12,"column":209}},"loc":{"start":{"line":12,"column":223},"end":{"line":12,"column":290}},"line":12},"3":{"name":"_objectSpread","decl":{"start":{"line":14,"column":9},"end":{"line":14,"column":22}},"loc":{"start":{"line":14,"column":31},"end":{"line":14,"column":518}},"line":14},"4":{"name":"(anonymous_4)","decl":{"start":{"line":14,"column":176},"end":{"line":14,"column":177}},"loc":{"start":{"line":14,"column":191},"end":{"line":14,"column":237}},"line":14},"5":{"name":"(anonymous_5)","decl":{"start":{"line":14,"column":395},"end":{"line":14,"column":396}},"loc":{"start":{"line":14,"column":410},"end":{"line":14,"column":495}},"line":14},"6":{"name":"_defineProperty","decl":{"start":{"line":16,"column":9},"end":{"line":16,"column":24}},"loc":{"start":{"line":16,"column":42},"end":{"line":16,"column":209}},"line":16},"7":{"name":"_classCallCheck","decl":{"start":{"line":18,"column":9},"end":{"line":18,"column":24}},"loc":{"start":{"line":18,"column":48},"end":{"line":18,"column":153}},"line":18},"8":{"name":"_defineProperties","decl":{"start":{"line":20,"column":9},"end":{"line":20,"column":26}},"loc":{"start":{"line":20,"column":42},"end":{"line":20,"column":317}},"line":20},"9":{"name":"_createClass","decl":{"start":{"line":22,"column":9},"end":{"line":22,"column":21}},"loc":{"start":{"line":22,"column":60},"end":{"line":22,"column":215}},"line":22},"10":{"name":"(anonymous_10)","decl":{"start":{"line":26,"column":0},"end":{"line":26,"column":1}},"loc":{"start":{"line":26,"column":12},"end":{"line":70,"column":1}},"line":26},"11":{"name":"Users3","decl":{"start":{"line":27,"column":11},"end":{"line":27,"column":17}},"loc":{"start":{"line":27,"column":20},"end":{"line":29,"column":3}},"line":27},"12":{"name":"commentonanarticle","decl":{"start":{"line":33,"column":20},"end":{"line":33,"column":38}},"loc":{"start":{"line":33,"column":49},"end":{"line":66,"column":5}},"line":33},"13":{"name":"(anonymous_13)","decl":{"start":{"line":39,"column":56},"end":{"line":39,"column":57}},"loc":{"start":{"line":39,"column":71},"end":{"line":41,"column":7}},"line":39}},"branchMap":{"0":{"loc":{"start":{"line":10,"column":46},"end":{"line":10,"column":94}},"type":"cond-expr","locations":[{"start":{"line":10,"column":70},"end":{"line":10,"column":73}},{"start":{"line":10,"column":76},"end":{"line":10,"column":94}}],"line":10},"1":{"loc":{"start":{"line":10,"column":46},"end":{"line":10,"column":67}},"type":"binary-expr","locations":[{"start":{"line":10,"column":46},"end":{"line":10,"column":49}},{"start":{"line":10,"column":53},"end":{"line":10,"column":67}}],"line":10},"2":{"loc":{"start":{"line":12,"column":75},"end":{"line":12,"column":326}},"type":"if","locations":[{"start":{"line":12,"column":75},"end":{"line":12,"column":326}},{"start":{"line":12,"column":75},"end":{"line":12,"column":326}}],"line":12},"3":{"loc":{"start":{"line":12,"column":163},"end":{"line":12,"column":292}},"type":"if","locations":[{"start":{"line":12,"column":163},"end":{"line":12,"column":292}},{"start":{"line":12,"column":163},"end":{"line":12,"column":292}}],"line":12},"4":{"loc":{"start":{"line":14,"column":91},"end":{"line":14,"column":131}},"type":"cond-expr","locations":[{"start":{"line":14,"column":114},"end":{"line":14,"column":126}},{"start":{"line":14,"column":129},"end":{"line":14,"column":131}}],"line":14},"5":{"loc":{"start":{"line":14,"column":133},"end":{"line":14,"column":499}},"type":"if","locations":[{"start":{"line":14,"column":133},"end":{"line":14,"column":499}},{"start":{"line":14,"column":133},"end":{"line":14,"column":499}}],"line":14},"6":{"loc":{"start":{"line":14,"column":247},"end":{"line":14,"column":499}},"type":"if","locations":[{"start":{"line":14,"column":247},"end":{"line":14,"column":499}},{"start":{"line":14,"column":247},"end":{"line":14,"column":499}}],"line":14},"7":{"loc":{"start":{"line":16,"column":44},"end":{"line":16,"column":195}},"type":"if","locations":[{"start":{"line":16,"column":44},"end":{"line":16,"column":195}},{"start":{"line":16,"column":44},"end":{"line":16,"column":195}}],"line":16},"8":{"loc":{"start":{"line":18,"column":50},"end":{"line":18,"column":151}},"type":"if","locations":[{"start":{"line":18,"column":50},"end":{"line":18,"column":151}},{"start":{"line":18,"column":50},"end":{"line":18,"column":151}}],"line":18},"9":{"loc":{"start":{"line":20,"column":136},"end":{"line":20,"column":166}},"type":"binary-expr","locations":[{"start":{"line":20,"column":136},"end":{"line":20,"column":157}},{"start":{"line":20,"column":161},"end":{"line":20,"column":166}}],"line":20},"10":{"loc":{"start":{"line":20,"column":200},"end":{"line":20,"column":254}},"type":"if","locations":[{"start":{"line":20,"column":200},"end":{"line":20,"column":254}},{"start":{"line":20,"column":200},"end":{"line":20,"column":254}}],"line":20},"11":{"loc":{"start":{"line":22,"column":62},"end":{"line":22,"column":131}},"type":"if","locations":[{"start":{"line":22,"column":62},"end":{"line":22,"column":131}},{"start":{"line":22,"column":62},"end":{"line":22,"column":131}}],"line":22},"12":{"loc":{"start":{"line":22,"column":132},"end":{"line":22,"column":193}},"type":"if","locations":[{"start":{"line":22,"column":132},"end":{"line":22,"column":193}},{"start":{"line":22,"column":132},"end":{"line":22,"column":193}}],"line":22},"13":{"loc":{"start":{"line":43,"column":6},"end":{"line":48,"column":7}},"type":"if","locations":[{"start":{"line":43,"column":6},"end":{"line":48,"column":7}},{"start":{"line":43,"column":6},"end":{"line":48,"column":7}}],"line":43}},"s":{"0":1,"1":1,"2":1,"3":1,"4":1,"5":1,"6":1,"7":1,"8":1,"9":0,"10":1,"11":1,"12":1,"13":1,"14":1,"15":1,"16":1,"17":4,"18":0,"19":0,"20":0,"21":0,"22":1,"23":4,"24":0,"25":4,"26":4,"27":1,"28":0,"29":1,"30":1,"31":1,"32":1,"33":1,"34":1,"35":1,"36":1,"37":1,"38":1,"39":1,"40":0,"41":1,"42":1,"43":1,"44":1,"45":2,"46":2,"47":2,"48":2,"49":2,"50":4,"51":2,"52":1,"53":1,"54":1,"55":1,"56":1,"57":1,"58":1},"f":{"0":1,"1":1,"2":0,"3":1,"4":4,"5":0,"6":4,"7":1,"8":1,"9":1,"10":1,"11":1,"12":2,"13":4},"b":{"0":[1,0],"1":[1,1],"2":[1,0],"3":[1,0],"4":[1,0],"5":[1,0],"6":[0,0],"7":[0,4],"8":[0,1],"9":[1,1],"10":[1,0],"11":[1,0],"12":[0,1],"13":[1,1]},"_coverageSchema":"43e27e138ebf9cfc5966b082cf9a028302ed4184","hash":"a3da2788ff6c3e122f0401c6f8ab56ab5cf29cd9","contentHash":"fac8a4469cf93ad13a49a022b076d6f1417061aae24d16d595af1eb2c913fb5c"},"C:\\Users\\Teacher\\Desktop\\TEAMWORK1\\teamwork\\server\\controllers\\signup.js":{"path":"C:\\Users\\Teacher\\Desktop\\TEAMWORK1\\teamwork\\server\\controllers\\signup.js","statementMap":{"0":{"start":{"line":3,"column":0},"end":{"line":5,"column":3}},"1":{"start":{"line":6,"column":0},"end":{"line":6,"column":28}},"2":{"start":{"line":8,"column":20},"end":{"line":8,"column":67}},"3":{"start":{"line":10,"column":12},"end":{"line":10,"column":61}},"4":{"start":{"line":12,"column":15},"end":{"line":12,"column":68}},"5":{"start":{"line":14,"column":39},"end":{"line":14,"column":95}},"6":{"start":{"line":16,"column":50},"end":{"line":16,"column":151}},"7":{"start":{"line":16,"column":92},"end":{"line":16,"column":149}},"8":{"start":{"line":18,"column":44},"end":{"line":18,"column":315}},"9":{"start":{"line":18,"column":57},"end":{"line":18,"column":58}},"10":{"start":{"line":18,"column":102},"end":{"line":18,"column":110}},"11":{"start":{"line":18,"column":112},"end":{"line":18,"column":167}},"12":{"start":{"line":18,"column":168},"end":{"line":18,"column":199}},"13":{"start":{"line":18,"column":200},"end":{"line":18,"column":254}},"14":{"start":{"line":18,"column":227},"end":{"line":18,"column":254}},"15":{"start":{"line":18,"column":255},"end":{"line":18,"column":313}},"16":{"start":{"line":20,"column":62},"end":{"line":20,"column":131}},"17":{"start":{"line":20,"column":78},"end":{"line":20,"column":131}},"18":{"start":{"line":20,"column":132},"end":{"line":20,"column":193}},"19":{"start":{"line":20,"column":149},"end":{"line":20,"column":193}},"20":{"start":{"line":20,"column":194},"end":{"line":20,"column":213}},"21":{"start":{"line":24,"column":0},"end":{"line":99,"column":3}},"22":{"start":{"line":26,"column":4},"end":{"line":26,"column":33}},"23":{"start":{"line":29,"column":2},"end":{"line":96,"column":6}},"24":{"start":{"line":32,"column":22},"end":{"line":32,"column":30}},"25":{"start":{"line":33,"column":22},"end":{"line":33,"column":41}},"26":{"start":{"line":34,"column":21},"end":{"line":34,"column":39}},"27":{"start":{"line":35,"column":18},"end":{"line":35,"column":33}},"28":{"start":{"line":36,"column":21},"end":{"line":36,"column":39}},"29":{"start":{"line":37,"column":19},"end":{"line":37,"column":35}},"30":{"start":{"line":38,"column":20},"end":{"line":38,"column":37}},"31":{"start":{"line":39,"column":23},"end":{"line":39,"column":43}},"32":{"start":{"line":40,"column":19},"end":{"line":40,"column":35}},"33":{"start":{"line":42,"column":25},"end":{"line":44,"column":8}},"34":{"start":{"line":43,"column":8},"end":{"line":43,"column":36}},"35":{"start":{"line":46,"column":6},"end":{"line":51,"column":7}},"36":{"start":{"line":47,"column":8},"end":{"line":50,"column":11}},"37":{"start":{"line":53,"column":19},"end":{"line":53,"column":52}},"38":{"start":{"line":55,"column":27},"end":{"line":55,"column":72}},"39":{"start":{"line":57,"column":20},"end":{"line":67,"column":7}},"40":{"start":{"line":69,"column":6},"end":{"line":69,"column":43}},"41":{"start":{"line":72,"column":19},"end":{"line":78,"column":25}},"42":{"start":{"line":80,"column":6},"end":{"line":94,"column":9}},"43":{"start":{"line":98,"column":2},"end":{"line":98,"column":15}},"44":{"start":{"line":103,"column":15},"end":{"line":103,"column":26}},"45":{"start":{"line":105,"column":0},"end":{"line":105,"column":30}}},"fnMap":{"0":{"name":"_interopRequireDefault","decl":{"start":{"line":14,"column":9},"end":{"line":14,"column":31}},"loc":{"start":{"line":14,"column":37},"end":{"line":14,"column":97}},"line":14},"1":{"name":"_classCallCheck","decl":{"start":{"line":16,"column":9},"end":{"line":16,"column":24}},"loc":{"start":{"line":16,"column":48},"end":{"line":16,"column":153}},"line":16},"2":{"name":"_defineProperties","decl":{"start":{"line":18,"column":9},"end":{"line":18,"column":26}},"loc":{"start":{"line":18,"column":42},"end":{"line":18,"column":317}},"line":18},"3":{"name":"_createClass","decl":{"start":{"line":20,"column":9},"end":{"line":20,"column":21}},"loc":{"start":{"line":20,"column":60},"end":{"line":20,"column":215}},"line":20},"4":{"name":"(anonymous_4)","decl":{"start":{"line":24,"column":0},"end":{"line":24,"column":1}},"loc":{"start":{"line":24,"column":12},"end":{"line":99,"column":1}},"line":24},"5":{"name":"Users","decl":{"start":{"line":25,"column":11},"end":{"line":25,"column":16}},"loc":{"start":{"line":25,"column":19},"end":{"line":27,"column":3}},"line":25},"6":{"name":"signup","decl":{"start":{"line":31,"column":20},"end":{"line":31,"column":26}},"loc":{"start":{"line":31,"column":37},"end":{"line":95,"column":5}},"line":31},"7":{"name":"(anonymous_7)","decl":{"start":{"line":42,"column":53},"end":{"line":42,"column":54}},"loc":{"start":{"line":42,"column":69},"end":{"line":44,"column":7}},"line":42}},"branchMap":{"0":{"loc":{"start":{"line":14,"column":46},"end":{"line":14,"column":94}},"type":"cond-expr","locations":[{"start":{"line":14,"column":70},"end":{"line":14,"column":73}},{"start":{"line":14,"column":76},"end":{"line":14,"column":94}}],"line":14},"1":{"loc":{"start":{"line":14,"column":46},"end":{"line":14,"column":67}},"type":"binary-expr","locations":[{"start":{"line":14,"column":46},"end":{"line":14,"column":49}},{"start":{"line":14,"column":53},"end":{"line":14,"column":67}}],"line":14},"2":{"loc":{"start":{"line":16,"column":50},"end":{"line":16,"column":151}},"type":"if","locations":[{"start":{"line":16,"column":50},"end":{"line":16,"column":151}},{"start":{"line":16,"column":50},"end":{"line":16,"column":151}}],"line":16},"3":{"loc":{"start":{"line":18,"column":136},"end":{"line":18,"column":166}},"type":"binary-expr","locations":[{"start":{"line":18,"column":136},"end":{"line":18,"column":157}},{"start":{"line":18,"column":161},"end":{"line":18,"column":166}}],"line":18},"4":{"loc":{"start":{"line":18,"column":200},"end":{"line":18,"column":254}},"type":"if","locations":[{"start":{"line":18,"column":200},"end":{"line":18,"column":254}},{"start":{"line":18,"column":200},"end":{"line":18,"column":254}}],"line":18},"5":{"loc":{"start":{"line":20,"column":62},"end":{"line":20,"column":131}},"type":"if","locations":[{"start":{"line":20,"column":62},"end":{"line":20,"column":131}},{"start":{"line":20,"column":62},"end":{"line":20,"column":131}}],"line":20},"6":{"loc":{"start":{"line":20,"column":132},"end":{"line":20,"column":193}},"type":"if","locations":[{"start":{"line":20,"column":132},"end":{"line":20,"column":193}},{"start":{"line":20,"column":132},"end":{"line":20,"column":193}}],"line":20},"7":{"loc":{"start":{"line":46,"column":6},"end":{"line":51,"column":7}},"type":"if","locations":[{"start":{"line":46,"column":6},"end":{"line":51,"column":7}},{"start":{"line":46,"column":6},"end":{"line":51,"column":7}}],"line":46}},"s":{"0":1,"1":1,"2":1,"3":1,"4":1,"5":3,"6":1,"7":0,"8":1,"9":1,"10":1,"11":1,"12":1,"13":1,"14":1,"15":1,"16":1,"17":1,"18":1,"19":0,"20":1,"21":1,"22":1,"23":1,"24":2,"25":2,"26":2,"27":2,"28":2,"29":2,"30":2,"31":2,"32":2,"33":2,"34":5,"35":2,"36":1,"37":1,"38":1,"39":1,"40":1,"41":1,"42":1,"43":1,"44":1,"45":1},"f":{"0":3,"1":1,"2":1,"3":1,"4":1,"5":1,"6":2,"7":5},"b":{"0":[2,1],"1":[3,3],"2":[0,1],"3":[1,1],"4":[1,0],"5":[1,0],"6":[0,1],"7":[1,1]},"_coverageSchema":"43e27e138ebf9cfc5966b082cf9a028302ed4184","hash":"c4c0d2003dfc30e506231bb35278c72f8e01a13a","contentHash":"5712098ff6f450d134cc3b4159dd8666165158d928d4d2e93515a824e66f8613"},"C:\\Users\\Teacher\\Desktop\\TEAMWORK1\\teamwork\\server\\helpers\\helpers.js":{"path":"C:\\Users\\Teacher\\Desktop\\TEAMWORK1\\teamwork\\server\\helpers\\helpers.js","statementMap":{"0":{"start":{"line":3,"column":0},"end":{"line":5,"column":3}},"1":{"start":{"line":6,"column":0},"end":{"line":6,"column":28}},"2":{"start":{"line":8,"column":14},"end":{"line":8,"column":55}},"3":{"start":{"line":10,"column":39},"end":{"line":10,"column":95}},"4":{"start":{"line":12,"column":50},"end":{"line":12,"column":151}},"5":{"start":{"line":12,"column":92},"end":{"line":12,"column":149}},"6":{"start":{"line":14,"column":44},"end":{"line":14,"column":315}},"7":{"start":{"line":14,"column":57},"end":{"line":14,"column":58}},"8":{"start":{"line":14,"column":102},"end":{"line":14,"column":110}},"9":{"start":{"line":14,"column":112},"end":{"line":14,"column":167}},"10":{"start":{"line":14,"column":168},"end":{"line":14,"column":199}},"11":{"start":{"line":14,"column":200},"end":{"line":14,"column":254}},"12":{"start":{"line":14,"column":227},"end":{"line":14,"column":254}},"13":{"start":{"line":14,"column":255},"end":{"line":14,"column":313}},"14":{"start":{"line":16,"column":62},"end":{"line":16,"column":131}},"15":{"start":{"line":16,"column":78},"end":{"line":16,"column":131}},"16":{"start":{"line":16,"column":132},"end":{"line":16,"column":193}},"17":{"start":{"line":16,"column":149},"end":{"line":16,"column":193}},"18":{"start":{"line":16,"column":194},"end":{"line":16,"column":213}},"19":{"start":{"line":20,"column":0},"end":{"line":40,"column":3}},"20":{"start":{"line":22,"column":4},"end":{"line":22,"column":35}},"21":{"start":{"line":25,"column":2},"end":{"line":37,"column":6}},"22":{"start":{"line":28,"column":17},"end":{"line":28,"column":51}},"23":{"start":{"line":30,"column":6},"end":{"line":30,"column":57}},"24":{"start":{"line":35,"column":6},"end":{"line":35,"column":68}},"25":{"start":{"line":39,"column":2},"end":{"line":39,"column":17}},"26":{"start":{"line":42,"column":15},"end":{"line":42,"column":22}},"27":{"start":{"line":43,"column":0},"end":{"line":43,"column":30}}},"fnMap":{"0":{"name":"_interopRequireDefault","decl":{"start":{"line":10,"column":9},"end":{"line":10,"column":31}},"loc":{"start":{"line":10,"column":37},"end":{"line":10,"column":97}},"line":10},"1":{"name":"_classCallCheck","decl":{"start":{"line":12,"column":9},"end":{"line":12,"column":24}},"loc":{"start":{"line":12,"column":48},"end":{"line":12,"column":153}},"line":12},"2":{"name":"_defineProperties","decl":{"start":{"line":14,"column":9},"end":{"line":14,"column":26}},"loc":{"start":{"line":14,"column":42},"end":{"line":14,"column":317}},"line":14},"3":{"name":"_createClass","decl":{"start":{"line":16,"column":9},"end":{"line":16,"column":21}},"loc":{"start":{"line":16,"column":60},"end":{"line":16,"column":215}},"line":16},"4":{"name":"(anonymous_4)","decl":{"start":{"line":20,"column":0},"end":{"line":20,"column":1}},"loc":{"start":{"line":20,"column":12},"end":{"line":40,"column":1}},"line":20},"5":{"name":"Helpers","decl":{"start":{"line":21,"column":11},"end":{"line":21,"column":18}},"loc":{"start":{"line":21,"column":21},"end":{"line":23,"column":3}},"line":21},"6":{"name":"hashThePassword","decl":{"start":{"line":27,"column":20},"end":{"line":27,"column":35}},"loc":{"start":{"line":27,"column":46},"end":{"line":31,"column":5}},"line":27},"7":{"name":"checkThepassword","decl":{"start":{"line":34,"column":20},"end":{"line":34,"column":36}},"loc":{"start":{"line":34,"column":61},"end":{"line":36,"column":5}},"line":34}},"branchMap":{"0":{"loc":{"start":{"line":10,"column":46},"end":{"line":10,"column":94}},"type":"cond-expr","locations":[{"start":{"line":10,"column":70},"end":{"line":10,"column":73}},{"start":{"line":10,"column":76},"end":{"line":10,"column":94}}],"line":10},"1":{"loc":{"start":{"line":10,"column":46},"end":{"line":10,"column":67}},"type":"binary-expr","locations":[{"start":{"line":10,"column":46},"end":{"line":10,"column":49}},{"start":{"line":10,"column":53},"end":{"line":10,"column":67}}],"line":10},"2":{"loc":{"start":{"line":12,"column":50},"end":{"line":12,"column":151}},"type":"if","locations":[{"start":{"line":12,"column":50},"end":{"line":12,"column":151}},{"start":{"line":12,"column":50},"end":{"line":12,"column":151}}],"line":12},"3":{"loc":{"start":{"line":14,"column":136},"end":{"line":14,"column":166}},"type":"binary-expr","locations":[{"start":{"line":14,"column":136},"end":{"line":14,"column":157}},{"start":{"line":14,"column":161},"end":{"line":14,"column":166}}],"line":14},"4":{"loc":{"start":{"line":14,"column":200},"end":{"line":14,"column":254}},"type":"if","locations":[{"start":{"line":14,"column":200},"end":{"line":14,"column":254}},{"start":{"line":14,"column":200},"end":{"line":14,"column":254}}],"line":14},"5":{"loc":{"start":{"line":16,"column":62},"end":{"line":16,"column":131}},"type":"if","locations":[{"start":{"line":16,"column":62},"end":{"line":16,"column":131}},{"start":{"line":16,"column":62},"end":{"line":16,"column":131}}],"line":16},"6":{"loc":{"start":{"line":16,"column":132},"end":{"line":16,"column":193}},"type":"if","locations":[{"start":{"line":16,"column":132},"end":{"line":16,"column":193}},{"start":{"line":16,"column":132},"end":{"line":16,"column":193}}],"line":16}},"s":{"0":1,"1":1,"2":1,"3":1,"4":0,"5":0,"6":1,"7":1,"8":2,"9":2,"10":2,"11":2,"12":2,"13":2,"14":1,"15":0,"16":1,"17":1,"18":1,"19":1,"20":0,"21":1,"22":1,"23":1,"24":2,"25":1,"26":1,"27":1},"f":{"0":1,"1":0,"2":1,"3":1,"4":1,"5":0,"6":1,"7":2},"b":{"0":[0,1],"1":[1,1],"2":[0,0],"3":[2,2],"4":[2,0],"5":[0,1],"6":[1,0]},"_coverageSchema":"43e27e138ebf9cfc5966b082cf9a028302ed4184","hash":"82c0d2846e7439671d913dc1cee65ad352628a1b","contentHash":"7c3f11144ab2ccda7c796b5319e7bc2823333e8d8699f361ed65d6eb66eac30d"},"C:\\Users\\Teacher\\Desktop\\TEAMWORK1\\teamwork\\server\\controllers\\signin.js":{"path":"C:\\Users\\Teacher\\Desktop\\TEAMWORK1\\teamwork\\server\\controllers\\signin.js","statementMap":{"0":{"start":{"line":3,"column":0},"end":{"line":5,"column":3}},"1":{"start":{"line":6,"column":0},"end":{"line":6,"column":28}},"2":{"start":{"line":8,"column":20},"end":{"line":8,"column":67}},"3":{"start":{"line":10,"column":15},"end":{"line":10,"column":68}},"4":{"start":{"line":12,"column":12},"end":{"line":12,"column":61}},"5":{"start":{"line":14,"column":39},"end":{"line":14,"column":95}},"6":{"start":{"line":16,"column":50},"end":{"line":16,"column":151}},"7":{"start":{"line":16,"column":92},"end":{"line":16,"column":149}},"8":{"start":{"line":18,"column":44},"end":{"line":18,"column":315}},"9":{"start":{"line":18,"column":57},"end":{"line":18,"column":58}},"10":{"start":{"line":18,"column":102},"end":{"line":18,"column":110}},"11":{"start":{"line":18,"column":112},"end":{"line":18,"column":167}},"12":{"start":{"line":18,"column":168},"end":{"line":18,"column":199}},"13":{"start":{"line":18,"column":200},"end":{"line":18,"column":254}},"14":{"start":{"line":18,"column":227},"end":{"line":18,"column":254}},"15":{"start":{"line":18,"column":255},"end":{"line":18,"column":313}},"16":{"start":{"line":20,"column":62},"end":{"line":20,"column":131}},"17":{"start":{"line":20,"column":78},"end":{"line":20,"column":131}},"18":{"start":{"line":20,"column":132},"end":{"line":20,"column":193}},"19":{"start":{"line":20,"column":149},"end":{"line":20,"column":193}},"20":{"start":{"line":20,"column":194},"end":{"line":20,"column":213}},"21":{"start":{"line":24,"column":0},"end":{"line":77,"column":3}},"22":{"start":{"line":26,"column":4},"end":{"line":26,"column":34}},"23":{"start":{"line":29,"column":2},"end":{"line":74,"column":6}},"24":{"start":{"line":32,"column":22},"end":{"line":32,"column":30}},"25":{"start":{"line":33,"column":18},"end":{"line":33,"column":33}},"26":{"start":{"line":34,"column":21},"end":{"line":34,"column":39}},"27":{"start":{"line":36,"column":18},"end":{"line":38,"column":8}},"28":{"start":{"line":37,"column":8},"end":{"line":37,"column":36}},"29":{"start":{"line":40,"column":6},"end":{"line":45,"column":7}},"30":{"start":{"line":41,"column":8},"end":{"line":44,"column":11}},"31":{"start":{"line":47,"column":27},"end":{"line":47,"column":41}},"32":{"start":{"line":49,"column":21},"end":{"line":49,"column":83}},"33":{"start":{"line":51,"column":6},"end":{"line":56,"column":7}},"34":{"start":{"line":52,"column":8},"end":{"line":55,"column":11}},"35":{"start":{"line":60,"column":22},"end":{"line":60,"column":33}},"36":{"start":{"line":61,"column":15},"end":{"line":61,"column":23}},"37":{"start":{"line":63,"column":19},"end":{"line":66,"column":25}},"38":{"start":{"line":68,"column":6},"end":{"line":72,"column":9}},"39":{"start":{"line":76,"column":2},"end":{"line":76,"column":16}},"40":{"start":{"line":81,"column":15},"end":{"line":81,"column":27}},"41":{"start":{"line":83,"column":0},"end":{"line":83,"column":30}}},"fnMap":{"0":{"name":"_interopRequireDefault","decl":{"start":{"line":14,"column":9},"end":{"line":14,"column":31}},"loc":{"start":{"line":14,"column":37},"end":{"line":14,"column":97}},"line":14},"1":{"name":"_classCallCheck","decl":{"start":{"line":16,"column":9},"end":{"line":16,"column":24}},"loc":{"start":{"line":16,"column":48},"end":{"line":16,"column":153}},"line":16},"2":{"name":"_defineProperties","decl":{"start":{"line":18,"column":9},"end":{"line":18,"column":26}},"loc":{"start":{"line":18,"column":42},"end":{"line":18,"column":317}},"line":18},"3":{"name":"_createClass","decl":{"start":{"line":20,"column":9},"end":{"line":20,"column":21}},"loc":{"start":{"line":20,"column":60},"end":{"line":20,"column":215}},"line":20},"4":{"name":"(anonymous_4)","decl":{"start":{"line":24,"column":0},"end":{"line":24,"column":1}},"loc":{"start":{"line":24,"column":12},"end":{"line":77,"column":1}},"line":24},"5":{"name":"Users1","decl":{"start":{"line":25,"column":11},"end":{"line":25,"column":17}},"loc":{"start":{"line":25,"column":20},"end":{"line":27,"column":3}},"line":25},"6":{"name":"signin","decl":{"start":{"line":31,"column":20},"end":{"line":31,"column":26}},"loc":{"start":{"line":31,"column":37},"end":{"line":73,"column":5}},"line":31},"7":{"name":"(anonymous_7)","decl":{"start":{"line":36,"column":46},"end":{"line":36,"column":47}},"loc":{"start":{"line":36,"column":62},"end":{"line":38,"column":7}},"line":36}},"branchMap":{"0":{"loc":{"start":{"line":14,"column":46},"end":{"line":14,"column":94}},"type":"cond-expr","locations":[{"start":{"line":14,"column":70},"end":{"line":14,"column":73}},{"start":{"line":14,"column":76},"end":{"line":14,"column":94}}],"line":14},"1":{"loc":{"start":{"line":14,"column":46},"end":{"line":14,"column":67}},"type":"binary-expr","locations":[{"start":{"line":14,"column":46},"end":{"line":14,"column":49}},{"start":{"line":14,"column":53},"end":{"line":14,"column":67}}],"line":14},"2":{"loc":{"start":{"line":16,"column":50},"end":{"line":16,"column":151}},"type":"if","locations":[{"start":{"line":16,"column":50},"end":{"line":16,"column":151}},{"start":{"line":16,"column":50},"end":{"line":16,"column":151}}],"line":16},"3":{"loc":{"start":{"line":18,"column":136},"end":{"line":18,"column":166}},"type":"binary-expr","locations":[{"start":{"line":18,"column":136},"end":{"line":18,"column":157}},{"start":{"line":18,"column":161},"end":{"line":18,"column":166}}],"line":18},"4":{"loc":{"start":{"line":18,"column":200},"end":{"line":18,"column":254}},"type":"if","locations":[{"start":{"line":18,"column":200},"end":{"line":18,"column":254}},{"start":{"line":18,"column":200},"end":{"line":18,"column":254}}],"line":18},"5":{"loc":{"start":{"line":20,"column":62},"end":{"line":20,"column":131}},"type":"if","locations":[{"start":{"line":20,"column":62},"end":{"line":20,"column":131}},{"start":{"line":20,"column":62},"end":{"line":20,"column":131}}],"line":20},"6":{"loc":{"start":{"line":20,"column":132},"end":{"line":20,"column":193}},"type":"if","locations":[{"start":{"line":20,"column":132},"end":{"line":20,"column":193}},{"start":{"line":20,"column":132},"end":{"line":20,"column":193}}],"line":20},"7":{"loc":{"start":{"line":40,"column":6},"end":{"line":45,"column":7}},"type":"if","locations":[{"start":{"line":40,"column":6},"end":{"line":45,"column":7}},{"start":{"line":40,"column":6},"end":{"line":45,"column":7}}],"line":40},"8":{"loc":{"start":{"line":51,"column":6},"end":{"line":56,"column":7}},"type":"if","locations":[{"start":{"line":51,"column":6},"end":{"line":56,"column":7}},{"start":{"line":51,"column":6},"end":{"line":56,"column":7}}],"line":51}},"s":{"0":1,"1":1,"2":1,"3":1,"4":1,"5":3,"6":1,"7":0,"8":1,"9":1,"10":1,"11":1,"12":1,"13":1,"14":1,"15":1,"16":1,"17":1,"18":1,"19":0,"20":1,"21":1,"22":1,"23":1,"24":3,"25":3,"26":3,"27":3,"28":8,"29":3,"30":1,"31":2,"32":2,"33":2,"34":1,"35":1,"36":1,"37":1,"38":1,"39":1,"40":1,"41":1},"f":{"0":3,"1":1,"2":1,"3":1,"4":1,"5":1,"6":3,"7":8},"b":{"0":[2,1],"1":[3,3],"2":[0,1],"3":[1,1],"4":[1,0],"5":[1,0],"6":[0,1],"7":[1,2],"8":[1,1]},"_coverageSchema":"43e27e138ebf9cfc5966b082cf9a028302ed4184","hash":"710873d476b25d43907b877e93557594c3cf62ae","contentHash":"22eefc59ee2ae03b3b802621168e914b1f56e677d757cd6bfcc62c72043487fd"},"C:\\Users\\Teacher\\Desktop\\TEAMWORK1\\teamwork\\server\\controllers\\createArticle.js":{"path":"C:\\Users\\Teacher\\Desktop\\TEAMWORK1\\teamwork\\server\\controllers\\createArticle.js","statementMap":{"0":{"start":{"line":3,"column":0},"end":{"line":5,"column":3}},"1":{"start":{"line":6,"column":0},"end":{"line":6,"column":28}},"2":{"start":{"line":8,"column":20},"end":{"line":8,"column":67}},"3":{"start":{"line":10,"column":14},"end":{"line":10,"column":55}},"4":{"start":{"line":12,"column":12},"end":{"line":12,"column":61}},"5":{"start":{"line":14,"column":15},"end":{"line":14,"column":68}},"6":{"start":{"line":16,"column":39},"end":{"line":16,"column":95}},"7":{"start":{"line":18,"column":54},"end":{"line":18,"column":73}},"8":{"start":{"line":18,"column":75},"end":{"line":18,"column":326}},"9":{"start":{"line":18,"column":125},"end":{"line":18,"column":161}},"10":{"start":{"line":18,"column":163},"end":{"line":18,"column":292}},"11":{"start":{"line":18,"column":183},"end":{"line":18,"column":292}},"12":{"start":{"line":18,"column":225},"end":{"line":18,"column":288}},"13":{"start":{"line":18,"column":293},"end":{"line":18,"column":324}},"14":{"start":{"line":18,"column":327},"end":{"line":18,"column":339}},"15":{"start":{"line":20,"column":33},"end":{"line":20,"column":501}},"16":{"start":{"line":20,"column":46},"end":{"line":20,"column":47}},"17":{"start":{"line":20,"column":91},"end":{"line":20,"column":131}},"18":{"start":{"line":20,"column":133},"end":{"line":20,"column":499}},"19":{"start":{"line":20,"column":146},"end":{"line":20,"column":239}},"20":{"start":{"line":20,"column":193},"end":{"line":20,"column":235}},"21":{"start":{"line":20,"column":247},"end":{"line":20,"column":499}},"22":{"start":{"line":20,"column":287},"end":{"line":20,"column":361}},"23":{"start":{"line":20,"column":371},"end":{"line":20,"column":497}},"24":{"start":{"line":20,"column":412},"end":{"line":20,"column":493}},"25":{"start":{"line":20,"column":502},"end":{"line":20,"column":516}},"26":{"start":{"line":22,"column":44},"end":{"line":22,"column":195}},"27":{"start":{"line":22,"column":62},"end":{"line":22,"column":166}},"28":{"start":{"line":22,"column":176},"end":{"line":22,"column":193}},"29":{"start":{"line":22,"column":196},"end":{"line":22,"column":207}},"30":{"start":{"line":24,"column":50},"end":{"line":24,"column":151}},"31":{"start":{"line":24,"column":92},"end":{"line":24,"column":149}},"32":{"start":{"line":26,"column":44},"end":{"line":26,"column":315}},"33":{"start":{"line":26,"column":57},"end":{"line":26,"column":58}},"34":{"start":{"line":26,"column":102},"end":{"line":26,"column":110}},"35":{"start":{"line":26,"column":112},"end":{"line":26,"column":167}},"36":{"start":{"line":26,"column":168},"end":{"line":26,"column":199}},"37":{"start":{"line":26,"column":200},"end":{"line":26,"column":254}},"38":{"start":{"line":26,"column":227},"end":{"line":26,"column":254}},"39":{"start":{"line":26,"column":255},"end":{"line":26,"column":313}},"40":{"start":{"line":28,"column":62},"end":{"line":28,"column":131}},"41":{"start":{"line":28,"column":78},"end":{"line":28,"column":131}},"42":{"start":{"line":28,"column":132},"end":{"line":28,"column":193}},"43":{"start":{"line":28,"column":149},"end":{"line":28,"column":193}},"44":{"start":{"line":28,"column":194},"end":{"line":28,"column":213}},"45":{"start":{"line":32,"column":0},"end":{"line":75,"column":3}},"46":{"start":{"line":34,"column":4},"end":{"line":34,"column":34}},"47":{"start":{"line":37,"column":2},"end":{"line":72,"column":6}},"48":{"start":{"line":40,"column":22},"end":{"line":40,"column":30}},"49":{"start":{"line":41,"column":18},"end":{"line":41,"column":33}},"50":{"start":{"line":42,"column":20},"end":{"line":42,"column":37}},"51":{"start":{"line":43,"column":21},"end":{"line":43,"column":29}},"52":{"start":{"line":45,"column":25},"end":{"line":47,"column":8}},"53":{"start":{"line":46,"column":8},"end":{"line":46,"column":39}},"54":{"start":{"line":49,"column":6},"end":{"line":70,"column":7}},"55":{"start":{"line":50,"column":8},"end":{"line":53,"column":11}},"56":{"start":{"line":55,"column":24},"end":{"line":55,"column":60}},"57":{"start":{"line":56,"column":25},"end":{"line":61,"column":9}},"58":{"start":{"line":63,"column":8},"end":{"line":63,"column":51}},"59":{"start":{"line":65,"column":8},"end":{"line":69,"column":11}},"60":{"start":{"line":74,"column":2},"end":{"line":74,"column":16}},"61":{"start":{"line":79,"column":15},"end":{"line":79,"column":27}},"62":{"start":{"line":81,"column":0},"end":{"line":81,"column":30}}},"fnMap":{"0":{"name":"_interopRequireDefault","decl":{"start":{"line":16,"column":9},"end":{"line":16,"column":31}},"loc":{"start":{"line":16,"column":37},"end":{"line":16,"column":97}},"line":16},"1":{"name":"ownKeys","decl":{"start":{"line":18,"column":9},"end":{"line":18,"column":16}},"loc":{"start":{"line":18,"column":41},"end":{"line":18,"column":341}},"line":18},"2":{"name":"(anonymous_2)","decl":{"start":{"line":18,"column":208},"end":{"line":18,"column":209}},"loc":{"start":{"line":18,"column":223},"end":{"line":18,"column":290}},"line":18},"3":{"name":"_objectSpread","decl":{"start":{"line":20,"column":9},"end":{"line":20,"column":22}},"loc":{"start":{"line":20,"column":31},"end":{"line":20,"column":518}},"line":20},"4":{"name":"(anonymous_4)","decl":{"start":{"line":20,"column":176},"end":{"line":20,"column":177}},"loc":{"start":{"line":20,"column":191},"end":{"line":20,"column":237}},"line":20},"5":{"name":"(anonymous_5)","decl":{"start":{"line":20,"column":395},"end":{"line":20,"column":396}},"loc":{"start":{"line":20,"column":410},"end":{"line":20,"column":495}},"line":20},"6":{"name":"_defineProperty","decl":{"start":{"line":22,"column":9},"end":{"line":22,"column":24}},"loc":{"start":{"line":22,"column":42},"end":{"line":22,"column":209}},"line":22},"7":{"name":"_classCallCheck","decl":{"start":{"line":24,"column":9},"end":{"line":24,"column":24}},"loc":{"start":{"line":24,"column":48},"end":{"line":24,"column":153}},"line":24},"8":{"name":"_defineProperties","decl":{"start":{"line":26,"column":9},"end":{"line":26,"column":26}},"loc":{"start":{"line":26,"column":42},"end":{"line":26,"column":317}},"line":26},"9":{"name":"_createClass","decl":{"start":{"line":28,"column":9},"end":{"line":28,"column":21}},"loc":{"start":{"line":28,"column":60},"end":{"line":28,"column":215}},"line":28},"10":{"name":"(anonymous_10)","decl":{"start":{"line":32,"column":0},"end":{"line":32,"column":1}},"loc":{"start":{"line":32,"column":12},"end":{"line":75,"column":1}},"line":32},"11":{"name":"Users2","decl":{"start":{"line":33,"column":11},"end":{"line":33,"column":17}},"loc":{"start":{"line":33,"column":20},"end":{"line":35,"column":3}},"line":33},"12":{"name":"createanarticle","decl":{"start":{"line":39,"column":20},"end":{"line":39,"column":35}},"loc":{"start":{"line":39,"column":46},"end":{"line":71,"column":5}},"line":39},"13":{"name":"(anonymous_13)","decl":{"start":{"line":45,"column":56},"end":{"line":45,"column":57}},"loc":{"start":{"line":45,"column":75},"end":{"line":47,"column":7}},"line":45}},"branchMap":{"0":{"loc":{"start":{"line":16,"column":46},"end":{"line":16,"column":94}},"type":"cond-expr","locations":[{"start":{"line":16,"column":70},"end":{"line":16,"column":73}},{"start":{"line":16,"column":76},"end":{"line":16,"column":94}}],"line":16},"1":{"loc":{"start":{"line":16,"column":46},"end":{"line":16,"column":67}},"type":"binary-expr","locations":[{"start":{"line":16,"column":46},"end":{"line":16,"column":49}},{"start":{"line":16,"column":53},"end":{"line":16,"column":67}}],"line":16},"2":{"loc":{"start":{"line":18,"column":75},"end":{"line":18,"column":326}},"type":"if","locations":[{"start":{"line":18,"column":75},"end":{"line":18,"column":326}},{"start":{"line":18,"column":75},"end":{"line":18,"column":326}}],"line":18},"3":{"loc":{"start":{"line":18,"column":163},"end":{"line":18,"column":292}},"type":"if","locations":[{"start":{"line":18,"column":163},"end":{"line":18,"column":292}},{"start":{"line":18,"column":163},"end":{"line":18,"column":292}}],"line":18},"4":{"loc":{"start":{"line":20,"column":91},"end":{"line":20,"column":131}},"type":"cond-expr","locations":[{"start":{"line":20,"column":114},"end":{"line":20,"column":126}},{"start":{"line":20,"column":129},"end":{"line":20,"column":131}}],"line":20},"5":{"loc":{"start":{"line":20,"column":133},"end":{"line":20,"column":499}},"type":"if","locations":[{"start":{"line":20,"column":133},"end":{"line":20,"column":499}},{"start":{"line":20,"column":133},"end":{"line":20,"column":499}}],"line":20},"6":{"loc":{"start":{"line":20,"column":247},"end":{"line":20,"column":499}},"type":"if","locations":[{"start":{"line":20,"column":247},"end":{"line":20,"column":499}},{"start":{"line":20,"column":247},"end":{"line":20,"column":499}}],"line":20},"7":{"loc":{"start":{"line":22,"column":44},"end":{"line":22,"column":195}},"type":"if","locations":[{"start":{"line":22,"column":44},"end":{"line":22,"column":195}},{"start":{"line":22,"column":44},"end":{"line":22,"column":195}}],"line":22},"8":{"loc":{"start":{"line":24,"column":50},"end":{"line":24,"column":151}},"type":"if","locations":[{"start":{"line":24,"column":50},"end":{"line":24,"column":151}},{"start":{"line":24,"column":50},"end":{"line":24,"column":151}}],"line":24},"9":{"loc":{"start":{"line":26,"column":136},"end":{"line":26,"column":166}},"type":"binary-expr","locations":[{"start":{"line":26,"column":136},"end":{"line":26,"column":157}},{"start":{"line":26,"column":161},"end":{"line":26,"column":166}}],"line":26},"10":{"loc":{"start":{"line":26,"column":200},"end":{"line":26,"column":254}},"type":"if","locations":[{"start":{"line":26,"column":200},"end":{"line":26,"column":254}},{"start":{"line":26,"column":200},"end":{"line":26,"column":254}}],"line":26},"11":{"loc":{"start":{"line":28,"column":62},"end":{"line":28,"column":131}},"type":"if","locations":[{"start":{"line":28,"column":62},"end":{"line":28,"column":131}},{"start":{"line":28,"column":62},"end":{"line":28,"column":131}}],"line":28},"12":{"loc":{"start":{"line":28,"column":132},"end":{"line":28,"column":193}},"type":"if","locations":[{"start":{"line":28,"column":132},"end":{"line":28,"column":193}},{"start":{"line":28,"column":132},"end":{"line":28,"column":193}}],"line":28},"13":{"loc":{"start":{"line":49,"column":6},"end":{"line":70,"column":7}},"type":"if","locations":[{"start":{"line":49,"column":6},"end":{"line":70,"column":7}},{"start":{"line":49,"column":6},"end":{"line":70,"column":7}}],"line":49}},"s":{"0":1,"1":1,"2":1,"3":1,"4":1,"5":1,"6":4,"7":1,"8":1,"9":1,"10":1,"11":1,"12":0,"13":1,"14":1,"15":1,"16":1,"17":1,"18":1,"19":1,"20":4,"21":0,"22":0,"23":0,"24":0,"25":1,"26":4,"27":0,"28":4,"29":4,"30":1,"31":0,"32":1,"33":1,"34":1,"35":1,"36":1,"37":1,"38":1,"39":1,"40":1,"41":1,"42":1,"43":0,"44":1,"45":1,"46":1,"47":1,"48":2,"49":2,"50":2,"51":2,"52":2,"53":5,"54":2,"55":1,"56":1,"57":1,"58":1,"59":1,"60":1,"61":1,"62":1},"f":{"0":4,"1":1,"2":0,"3":1,"4":4,"5":0,"6":4,"7":1,"8":1,"9":1,"10":1,"11":1,"12":2,"13":5},"b":{"0":[2,2],"1":[4,4],"2":[1,0],"3":[1,0],"4":[1,0],"5":[1,0],"6":[0,0],"7":[0,4],"8":[0,1],"9":[1,1],"10":[1,0],"11":[1,0],"12":[0,1],"13":[1,1]},"_coverageSchema":"43e27e138ebf9cfc5966b082cf9a028302ed4184","hash":"87969edcbe14bca1468822044add92f5b49aeb15","contentHash":"f2ad22b2ba32f9ba392c343376d810a98c20076a7100dc220f2e4674cfa31792"},"C:\\Users\\Teacher\\Desktop\\TEAMWORK1\\teamwork\\server\\controllers\\edit.js":{"path":"C:\\Users\\Teacher\\Desktop\\TEAMWORK1\\teamwork\\server\\controllers\\edit.js","statementMap":{"0":{"start":{"line":3,"column":0},"end":{"line":5,"column":3}},"1":{"start":{"line":6,"column":0},"end":{"line":6,"column":28}},"2":{"start":{"line":8,"column":20},"end":{"line":8,"column":67}},"3":{"start":{"line":10,"column":12},"end":{"line":10,"column":61}},"4":{"start":{"line":12,"column":15},"end":{"line":12,"column":68}},"5":{"start":{"line":14,"column":39},"end":{"line":14,"column":95}},"6":{"start":{"line":16,"column":50},"end":{"line":16,"column":151}},"7":{"start":{"line":16,"column":92},"end":{"line":16,"column":149}},"8":{"start":{"line":18,"column":44},"end":{"line":18,"column":315}},"9":{"start":{"line":18,"column":57},"end":{"line":18,"column":58}},"10":{"start":{"line":18,"column":102},"end":{"line":18,"column":110}},"11":{"start":{"line":18,"column":112},"end":{"line":18,"column":167}},"12":{"start":{"line":18,"column":168},"end":{"line":18,"column":199}},"13":{"start":{"line":18,"column":200},"end":{"line":18,"column":254}},"14":{"start":{"line":18,"column":227},"end":{"line":18,"column":254}},"15":{"start":{"line":18,"column":255},"end":{"line":18,"column":313}},"16":{"start":{"line":20,"column":62},"end":{"line":20,"column":131}},"17":{"start":{"line":20,"column":78},"end":{"line":20,"column":131}},"18":{"start":{"line":20,"column":132},"end":{"line":20,"column":193}},"19":{"start":{"line":20,"column":149},"end":{"line":20,"column":193}},"20":{"start":{"line":20,"column":194},"end":{"line":20,"column":213}},"21":{"start":{"line":24,"column":0},"end":{"line":57,"column":3}},"22":{"start":{"line":26,"column":4},"end":{"line":26,"column":34}},"23":{"start":{"line":29,"column":2},"end":{"line":54,"column":6}},"24":{"start":{"line":32,"column":15},"end":{"line":32,"column":28}},"25":{"start":{"line":34,"column":18},"end":{"line":36,"column":8}},"26":{"start":{"line":35,"column":8},"end":{"line":35,"column":43}},"27":{"start":{"line":38,"column":6},"end":{"line":52,"column":7}},"28":{"start":{"line":39,"column":8},"end":{"line":42,"column":11}},"29":{"start":{"line":44,"column":19},"end":{"line":44,"column":40}},"30":{"start":{"line":45,"column":8},"end":{"line":47,"column":11}},"31":{"start":{"line":46,"column":10},"end":{"line":46,"column":39}},"32":{"start":{"line":48,"column":8},"end":{"line":51,"column":11}},"33":{"start":{"line":56,"column":2},"end":{"line":56,"column":16}},"34":{"start":{"line":61,"column":15},"end":{"line":61,"column":27}},"35":{"start":{"line":63,"column":0},"end":{"line":63,"column":30}}},"fnMap":{"0":{"name":"_interopRequireDefault","decl":{"start":{"line":14,"column":9},"end":{"line":14,"column":31}},"loc":{"start":{"line":14,"column":37},"end":{"line":14,"column":97}},"line":14},"1":{"name":"_classCallCheck","decl":{"start":{"line":16,"column":9},"end":{"line":16,"column":24}},"loc":{"start":{"line":16,"column":48},"end":{"line":16,"column":153}},"line":16},"2":{"name":"_defineProperties","decl":{"start":{"line":18,"column":9},"end":{"line":18,"column":26}},"loc":{"start":{"line":18,"column":42},"end":{"line":18,"column":317}},"line":18},"3":{"name":"_createClass","decl":{"start":{"line":20,"column":9},"end":{"line":20,"column":21}},"loc":{"start":{"line":20,"column":60},"end":{"line":20,"column":215}},"line":20},"4":{"name":"(anonymous_4)","decl":{"start":{"line":24,"column":0},"end":{"line":24,"column":1}},"loc":{"start":{"line":24,"column":12},"end":{"line":57,"column":1}},"line":24},"5":{"name":"Users7","decl":{"start":{"line":25,"column":11},"end":{"line":25,"column":17}},"loc":{"start":{"line":25,"column":20},"end":{"line":27,"column":3}},"line":25},"6":{"name":"editanarticle","decl":{"start":{"line":31,"column":20},"end":{"line":31,"column":33}},"loc":{"start":{"line":31,"column":44},"end":{"line":53,"column":5}},"line":31},"7":{"name":"(anonymous_7)","decl":{"start":{"line":34,"column":49},"end":{"line":34,"column":50}},"loc":{"start":{"line":34,"column":72},"end":{"line":36,"column":7}},"line":34},"8":{"name":"(anonymous_8)","decl":{"start":{"line":45,"column":21},"end":{"line":45,"column":22}},"loc":{"start":{"line":45,"column":37},"end":{"line":47,"column":9}},"line":45}},"branchMap":{"0":{"loc":{"start":{"line":14,"column":46},"end":{"line":14,"column":94}},"type":"cond-expr","locations":[{"start":{"line":14,"column":70},"end":{"line":14,"column":73}},{"start":{"line":14,"column":76},"end":{"line":14,"column":94}}],"line":14},"1":{"loc":{"start":{"line":14,"column":46},"end":{"line":14,"column":67}},"type":"binary-expr","locations":[{"start":{"line":14,"column":46},"end":{"line":14,"column":49}},{"start":{"line":14,"column":53},"end":{"line":14,"column":67}}],"line":14},"2":{"loc":{"start":{"line":16,"column":50},"end":{"line":16,"column":151}},"type":"if","locations":[{"start":{"line":16,"column":50},"end":{"line":16,"column":151}},{"start":{"line":16,"column":50},"end":{"line":16,"column":151}}],"line":16},"3":{"loc":{"start":{"line":18,"column":136},"end":{"line":18,"column":166}},"type":"binary-expr","locations":[{"start":{"line":18,"column":136},"end":{"line":18,"column":157}},{"start":{"line":18,"column":161},"end":{"line":18,"column":166}}],"line":18},"4":{"loc":{"start":{"line":18,"column":200},"end":{"line":18,"column":254}},"type":"if","locations":[{"start":{"line":18,"column":200},"end":{"line":18,"column":254}},{"start":{"line":18,"column":200},"end":{"line":18,"column":254}}],"line":18},"5":{"loc":{"start":{"line":20,"column":62},"end":{"line":20,"column":131}},"type":"if","locations":[{"start":{"line":20,"column":62},"end":{"line":20,"column":131}},{"start":{"line":20,"column":62},"end":{"line":20,"column":131}}],"line":20},"6":{"loc":{"start":{"line":20,"column":132},"end":{"line":20,"column":193}},"type":"if","locations":[{"start":{"line":20,"column":132},"end":{"line":20,"column":193}},{"start":{"line":20,"column":132},"end":{"line":20,"column":193}}],"line":20},"7":{"loc":{"start":{"line":38,"column":6},"end":{"line":52,"column":7}},"type":"if","locations":[{"start":{"line":38,"column":6},"end":{"line":52,"column":7}},{"start":{"line":38,"column":6},"end":{"line":52,"column":7}}],"line":38}},"s":{"0":1,"1":1,"2":1,"3":1,"4":1,"5":3,"6":1,"7":0,"8":1,"9":1,"10":1,"11":1,"12":1,"13":1,"14":1,"15":1,"16":1,"17":1,"18":1,"19":0,"20":1,"21":1,"22":1,"23":1,"24":0,"25":0,"26":0,"27":0,"28":0,"29":0,"30":0,"31":0,"32":0,"33":1,"34":1,"35":1},"f":{"0":3,"1":1,"2":1,"3":1,"4":1,"5":1,"6":0,"7":0,"8":0},"b":{"0":[2,1],"1":[3,3],"2":[0,1],"3":[1,1],"4":[1,0],"5":[1,0],"6":[0,1],"7":[0,0]},"_coverageSchema":"43e27e138ebf9cfc5966b082cf9a028302ed4184","hash":"41ea60de85efc95c4adb0011edb328f7fcb14116","contentHash":"b4898b8ab0d12323c1e548d96c465f469d357a5bab8937fe07fd8dc6264324be"},"C:\\Users\\Teacher\\Desktop\\TEAMWORK1\\teamwork\\server\\controllers\\deleteArticle.js":{"path":"C:\\Us
[...]
":18},"end":{"line":133,"column":34}},"53":{"start":{"line":134,"column":20},"end":{"line":134,"column":38}},"54":{"start":{"line":136,"column":27},"end":{"line":139,"column":32}},"55":{"start":{"line":140,"column":18},"end":{"line":140,"column":38}},"56":{"start":{"line":142,"column":6},"end":{"line":147,"column":7}},"57":{"start":{"line":143,"column":8},"end":{"line":146,"column":11}},"58":{"start":{"line":149,"column":6},"end":{"line":149,"column":13}},"59":{"start":{"line":162,"column":2},"end":{"line":162,"column":18}},"60":{"start":{"line":165,"column":15},"end":{"line":165,"column":23}},"61":{"start":{"line":166,"column":0},"end":{"line":166,"column":30}}},"fnMap":{"0":{"name":"_interopRequireDefault","decl":{"start":{"line":10,"column":9},"end":{"line":10,"column":31}},"loc":{"start":{"line":10,"column":37},"end":{"line":10,"column":97}},"line":10},"1":{"name":"_classCallCheck","decl":{"start":{"line":12,"column":9},"end":{"line":12,"column":24}},"loc":{"start":{"line":12,"column":48},"end":{"line":12,"column":153}},"line":12},"2":{"name":"_defineProperties","decl":{"start":{"line":14,"column":9},"end":{"line":14,"column":26}},"loc":{"start":{"line":14,"column":42},"end":{"line":14,"column":317}},"line":14},"3":{"name":"_createClass","decl":{"start":{"line":16,"column":9},"end":{"line":16,"column":21}},"loc":{"start":{"line":16,"column":60},"end":{"line":16,"column":215}},"line":16},"4":{"name":"(anonymous_4)","decl":{"start":{"line":49,"column":0},"end":{"line":49,"column":1}},"loc":{"start":{"line":49,"column":12},"end":{"line":163,"column":1}},"line":49},"5":{"name":"validate","decl":{"start":{"line":50,"column":11},"end":{"line":50,"column":19}},"loc":{"start":{"line":50,"column":22},"end":{"line":52,"column":3}},"line":50},"6":{"name":"signup","decl":{"start":{"line":56,"column":20},"end":{"line":56,"column":26}},"loc":{"start":{"line":56,"column":43},"end":{"line":87,"column":5}},"line":56},"7":{"name":"signin","decl":{"start":{"line":90,"column":20},"end":{"line":90,"column":26}},"loc":{"start":{"line":90,"column":43},"end":{"line":109,"column":5}},"line":90},"8":{"name":"commentonanarticle","decl":{"start":{"line":112,"column":20},"end":{"line":112,"column":38}},"loc":{"start":{"line":112,"column":55},"end":{"line":128,"column":5}},"line":112},"9":{"name":"createanarticle","decl":{"start":{"line":131,"column":20},"end":{"line":131,"column":35}},"loc":{"start":{"line":131,"column":52},"end":{"line":150,"column":5}},"line":131}},"branchMap":{"0":{"loc":{"start":{"line":10,"column":46},"end":{"line":10,"column":94}},"type":"cond-expr","locations":[{"start":{"line":10,"column":70},"end":{"line":10,"column":73}},{"start":{"line":10,"column":76},"end":{"line":10,"column":94}}],"line":10},"1":{"loc":{"start":{"line":10,"column":46},"end":{"line":10,"column":67}},"type":"binary-expr","locations":[{"start":{"line":10,"column":46},"end":{"line":10,"column":49}},{"start":{"line":10,"column":53},"end":{"line":10,"column":67}}],"line":10},"2":{"loc":{"start":{"line":12,"column":50},"end":{"line":12,"column":151}},"type":"if","locations":[{"start":{"line":12,"column":50},"end":{"line":12,"column":151}},{"start":{"line":12,"column":50},"end":{"line":12,"column":151}}],"line":12},"3":{"loc":{"start":{"line":14,"column":136},"end":{"line":14,"column":166}},"type":"binary-expr","locations":[{"start":{"line":14,"column":136},"end":{"line":14,"column":157}},{"start":{"line":14,"column":161},"end":{"line":14,"column":166}}],"line":14},"4":{"loc":{"start":{"line":14,"column":200},"end":{"line":14,"column":254}},"type":"if","locations":[{"start":{"line":14,"column":200},"end":{"line":14,"column":254}},{"start":{"line":14,"column":200},"end":{"line":14,"column":254}}],"line":14},"5":{"loc":{"start":{"line":16,"column":62},"end":{"line":16,"column":131}},"type":"if","locations":[{"start":{"line":16,"column":62},"end":{"line":16,"column":131}},{"start":{"line":16,"column":62},"end":{"line":16,"column":131}}],"line":16},"6":{"loc":{"start":{"line":16,"column":132},"end":{"line":16,"column":193}},"type":"if","locations":[{"start":{"line":16,"column":132},"end":{"line":16,"column":193}},{"start":{"line":16,"column":132},"end":{"line":16,"column":193}}],"line":16},"7":{"loc":{"start":{"line":79,"column":6},"end":{"line":84,"column":7}},"type":"if","locations":[{"start":{"line":79,"column":6},"end":{"line":84,"column":7}},{"start":{"line":79,"column":6},"end":{"line":84,"column":7}}],"line":79},"8":{"loc":{"start":{"line":101,"column":6},"end":{"line":106,"column":7}},"type":"if","locations":[{"start":{"line":101,"column":6},"end":{"line":106,"column":7}},{"start":{"line":101,"column":6},"end":{"line":106,"column":7}}],"line":101},"9":{"loc":{"start":{"line":120,"column":6},"end":{"line":125,"column":7}},"type":"if","locations":[{"start":{"line":120,"column":6},"end":{"line":125,"column":7}},{"start":{"line":120,"column":6},"end":{"line":125,"column":7}}],"line":120},"10":{"loc":{"start":{"line":142,"column":6},"end":{"line":147,"column":7}},"type":"if","locations":[{"start":{"line":142,"column":6},"end":{"line":147,"column":7}},{"start":{"line":142,"column":6},"end":{"line":147,"column":7}}],"line":142}},"s":{"0":1,"1":1,"2":1,"3":1,"4":0,"5":0,"6":1,"7":1,"8":4,"9":4,"10":4,"11":4,"12":4,"13":4,"14":1,"15":0,"16":1,"17":1,"18":1,"19":1,"20":1,"21":0,"22":1,"23":2,"24":2,"25":2,"26":2,"27":2,"28":2,"29":2,"30":2,"31":2,"32":2,"33":2,"34":2,"35":0,"36":2,"37":3,"38":3,"39":3,"40":3,"41":3,"42":3,"43":0,"44":3,"45":2,"46":2,"47":2,"48":2,"49":0,"50":2,"51":2,"52":2,"53":2,"54":2,"55":2,"56":2,"57":0,"58":2,"59":1,"60":1,"61":1},"f":{"0":1,"1":0,"2":1,"3":1,"4":1,"5":0,"6":2,"7":3,"8":2,"9":2},"b":{"0":[0,1],"1":[1,1],"2":[0,0],"3":[4,4],"4":[4,0],"5":[0,1],"6":[1,0],"7":[0,2],"8":[0,3],"9":[0,2],"10":[0,2]},"_coverageSchema":"43e27e138ebf9cfc5966b082cf9a028302ed4184","hash":"6f7af845d5b81e68be34065eeab2ee78a082438a","contentHash":"19a79eb1b14666aa93bd392d10817a62bdece613ef8b7f5d6216eabe267cbaba"},"C:\\Users\\Teacher\\Desktop\\TEAMWORK1\\teamwork\\server\\helpers\\middlewares.js":{"path":"C:\\Users\\Teacher\\Desktop\\TEAMWORK1\\teamwork\\server\\helpers\\middlewares.js","statementMap":{"0":{"start":{"line":3,"column":0},"end":{"line":5,"column":3}},"1":{"start":{"line":6,"column":0},"end":{"line":6,"column":28}},"2":{"start":{"line":8,"column":20},"end":{"line":8,"column":67}},"3":{"start":{"line":10,"column":39},"end":{"line":10,"column":95}},"4":{"start":{"line":13,"column":14},"end":{"line":13,"column":34}},"5":{"start":{"line":15,"column":2},"end":{"line":20,"column":3}},"6":{"start":{"line":17,"column":4},"end":{"line":19,"column":7}},"7":{"start":{"line":22,"column":2},"end":{"line":32,"column":3}},"8":{"start":{"line":23,"column":17},"end":{"line":23,"column":72}},"9":{"start":{"line":25,"column":4},"end":{"line":25,"column":30}},"10":{"start":{"line":26,"column":4},"end":{"line":26,"column":11}},"11":{"start":{"line":29,"column":4},"end":{"line":31,"column":7}},"12":{"start":{"line":34,"column":2},"end":{"line":34,"column":15}},"13":{"start":{"line":37,"column":15},"end":{"line":37,"column":19}},"14":{"start":{"line":38,"column":0},"end":{"line":38,"column":30}}},"fnMap":{"0":{"name":"_interopRequireDefault","decl":{"start":{"line":10,"column":9},"end":{"line":10,"column":31}},"loc":{"start":{"line":10,"column":37},"end":{"line":10,"column":97}},"line":10},"1":{"name":"auth","decl":{"start":{"line":12,"column":9},"end":{"line":12,"column":13}},"loc":{"start":{"line":12,"column":30},"end":{"line":35,"column":1}},"line":12}},"branchMap":{"0":{"loc":{"start":{"line":10,"column":46},"end":{"line":10,"column":94}},"type":"cond-expr","locations":[{"start":{"line":10,"column":70},"end":{"line":10,"column":73}},{"start":{"line":10,"column":76},"end":{"line":10,"column":94}}],"line":10},"1":{"loc":{"start":{"line":10,"column":46},"end":{"line":10,"column":67}},"type":"binary-expr","locations":[{"start":{"line":10,"column":46},"end":{"line":10,"column":49}},{"start":{"line":10,"column":53},"end":{"line":10,"column":67}}],"line":10},"2":{"loc":{"start":{"line":15,"column":2},"end":{"line":20,"column":3}},"type":"if","locations":[{"start":{"line":15,"column":2},"end":{"line":20,"column":3}},{"start":{"line":15,"column":2},"end":{"line":20,"column":3}}],"line":15}},"s":{"0":1,"1":1,"2":1,"3":1,"4":9,"5":9,"6":0,"7":9,"8":9,"9":9,"10":9,"11":0,"12":9,"13":1,"14":1},"f":{"0":1,"1":9},"b":{"0":[0,1],"1":[1,1],"2":[0,9]},"_coverageSchema":"43e27e138ebf9cfc5966b082cf9a028302ed4184","hash":"5c7150da177802172367675dabcf70af37f4d310","contentHash":"e3eb8ce3f30ab4d7a063c820b652d929f4650b149d94e4329f4630badc0aa9df"},"C:\\Users\\Teacher\\Desktop\\TEAMWORK1\\teamwork\\server\\test\\userTests.spec.js":{"path":"C:\\Users\\Teacher\\Desktop\\TEAMWORK1\\teamwork\\server\\test\\userTests.spec.js","statementMap":{"0":{"start":{"line":3,"column":12},"end":{"line":3,"column":52}},"1":{"start":{"line":5,"column":16},"end":{"line":5,"column":60}},"2":{"start":{"line":7,"column":13},"end":{"line":7,"column":62}},"3":{"start":{"line":9,"column":39},"end":{"line":9,"column":95}},"4":{"start":{"line":11,"column":38},"end":{"line":11,"column":85}},"5":{"start":{"line":11,"column":73},"end":{"line":11,"column":85}},"6":{"start":{"line":11,"column":98},"end":{"line":11,"column":111}},"7":{"start":{"line":11,"column":113},"end":{"line":11,"column":194}},"8":{"start":{"line":11,"column":178},"end":{"line":11,"column":191}},"9":{"start":{"line":11,"column":195},"end":{"line":11,"column":208}},"10":{"start":{"line":13,"column":40},"end":{"line":13,"column":82}},"11":{"start":{"line":13,"column":69},"end":{"line":13,"column":80}},"12":{"start":{"line":13,"column":95},"end":{"line":13,"column":121}},"13":{"start":{"line":13,"column":123},"end":{"line":13,"column":178}},"14":{"start":{"line":13,"column":154},"end":{"line":13,"column":176}},"15":{"start":{"line":13,"column":192},"end":{"line":13,"column":194}},"16":{"start":{"line":13,"column":196},"end":{"line":13,"column":583}},"17":{"start":{"line":13,"column":243},"end":{"line":13,"column":299}},"18":{"start":{"line":13,"column":301},"end":{"line":13,"column":581}},"19":{"start":{"line":13,"column":324},"end":{"line":13,"column":579}},"20":{"start":{"line":13,"column":389},"end":{"line":13,"column":461}},"21":{"start":{"line":13,"column":463},"end":{"line":13,"column":577}},"22":{"start":{"line":13,"column":501},"end":{"line":13,"column":542}},"23":{"start":{"line":13,"column":552},"end":{"line":13,"column":575}},"24":{"start":{"line":13,"column":584},"end":{"line":13,"column":608}},"25":{"start":{"line":13,"column":609},"end":{"line":13,"column":647}},"26":{"start":{"line":13,"column":622},"end":{"line":13,"column":645}},"27":{"start":{"line":13,"column":648},"end":{"line":13,"column":662}},"28":{"start":{"line":16,"column":0},"end":{"line":16,"column":43}},"29":{"start":{"line":18,"column":0},"end":{"line":18,"column":26}},"30":{"start":{"line":20,"column":0},"end":{"line":83,"column":3}},"31":{"start":{"line":21,"column":2},"end":{"line":37,"column":5}},"32":{"start":{"line":22,"column":15},"end":{"line":31,"column":5}},"33":{"start":{"line":33,"column":4},"end":{"line":36,"column":7}},"34":{"start":{"line":34,"column":6},"end":{"line":34,"column":50}},"35":{"start":{"line":35,"column":6},"end":{"line":35,"column":13}},"36":{"start":{"line":38,"column":2},"end":{"line":55,"column":5}},"37":{"start":{"line":39,"column":15},"end":{"line":48,"column":5}},"38":{"start":{"line":50,"column":4},"end":{"line":54,"column":7}},"39":{"start":{"line":51,"column":6},"end":{"line":51,"column":32}},"40":{"start":{"line":51,"column":15},"end":{"line":51,"column":32}},"41":{"start":{"line":52,"column":6},"end":{"line":52,"column":34}},"42":{"start":{"line":53,"column":6},"end":{"line":53,"column":13}},"43":{"start":{"line":56,"column":2},"end":{"line":64,"column":5}},"44":{"start":{"line":57,"column":4},"end":{"line":63,"column":7}},"45":{"start":{"line":61,"column":6},"end":{"line":61,"column":33}},"46":{"start":{"line":62,"column":6},"end":{"line":62,"column":13}},"47":{"start":{"line":65,"column":2},"end":{"line":73,"column":5}},"48":{"start":{"line":66,"column":4},"end":{"line":72,"column":7}},"49":{"start":{"line":70,"column":6},"end":{"line":70,"column":33}},"50":{"start":{"line":71,"column":6},"end":{"line":71,"column":13}},"51":{"start":{"line":74,"column":2},"end":{"line":82,"column":5}},"52":{"start":{"line":75,"column":4},"end":{"line":81,"column":7}},"53":{"start":{"line":79,"column":6},"end":{"line":79,"column":33}},"54":{"start":{"line":80,"column":6},"end":{"line":80,"column":13}}},"fnMap":{"0":{"name":"_interopRequireDefault","decl":{"start":{"line":9,"column":9},"end":{"line":9,"column":31}},"loc":{"start":{"line":9,"column":37},"end":{"line":9,"column":97}},"line":9},"1":{"name":"_getRequireWildcardCache","decl":{"start":{"line":11,"column":9},"end":{"line":11,"column":33}},"loc":{"start":{"line":11,"column":36},"end":{"line":11,"column":210}},"line":11},"2":{"name":"_getRequireWildcardCache","decl":{"start":{"line":11,"column":149},"end":{"line":11,"column":173}},"loc":{"start":{"line":11,"column":176},"end":{"line":11,"column":193}},"line":11},"3":{"name":"_interopRequireWildcard","decl":{"start":{"line":13,"column":9},"end":{"line":13,"column":32}},"loc":{"start":{"line":13,"column":38},"end":{"line":13,"column":664}},"line":13},"4":{"name":"(anonymous_4)","decl":{"start":{"line":20,"column":23},"end":{"line":20,"column":24}},"loc":{"start":{"line":20,"column":35},"end":{"line":83,"column":1}},"line":20},"5":{"name":"(anonymous_5)","decl":{"start":{"line":21,"column":40},"end":{"line":21,"column":41}},"loc":{"start":{"line":21,"column":56},"end":{"line":37,"column":3}},"line":21},"6":{"name":"(anonymous_6)","decl":{"start":{"line":33,"column":91},"end":{"line":33,"column":92}},"loc":{"start":{"line":33,"column":111},"end":{"line":36,"column":5}},"line":33},"7":{"name":"(anonymous_7)","decl":{"start":{"line":38,"column":65},"end":{"line":38,"column":66}},"loc":{"start":{"line":38,"column":81},"end":{"line":55,"column":3}},"line":38},"8":{"name":"(anonymous_8)","decl":{"start":{"line":50,"column":91},"end":{"line":50,"column":92}},"loc":{"start":{"line":50,"column":111},"end":{"line":54,"column":5}},"line":50},"9":{"name":"(anonymous_9)","decl":{"start":{"line":56,"column":59},"end":{"line":56,"column":60}},"loc":{"start":{"line":56,"column":75},"end":{"line":64,"column":3}},"line":56},"10":{"name":"(anonymous_10)","decl":{"start":{"line":60,"column":11},"end":{"line":60,"column":12}},"loc":{"start":{"line":60,"column":31},"end":{"line":63,"column":5}},"line":60},"11":{"name":"(anonymous_11)","decl":{"start":{"line":65,"column":62},"end":{"line":65,"column":63}},"loc":{"start":{"line":65,"column":78},"end":{"line":73,"column":3}},"line":65},"12":{"name":"(anonymous_12)","decl":{"start":{"line":69,"column":11},"end":{"line":69,"column":12}},"loc":{"start":{"line":69,"column":31},"end":{"line":72,"column":5}},"line":69},"13":{"name":"(anonymous_13)","decl":{"start":{"line":74,"column":32},"end":{"line":74,"column":33}},"loc":{"start":{"line":74,"column":48},"end":{"line":82,"column":3}},"line":74},"14":{"name":"(anonymous_14)","decl":{"start":{"line":78,"column":11},"end":{"line":78,"column":12}},"loc":{"start":{"line":78,"column":31},"end":{"line":81,"column":5}},"line":78}},"branchMap":{"0":{"loc":{"start":{"line":9,"column":46},"end":{"line":9,"column":94}},"type":"cond-expr","locations":[{"start":{"line":9,"column":70},"end":{"line":9,"column":73}},{"start":{"line":9,"column":76},"end":{"line":9,"column":94}}],"line":9},"1":{"loc":{"start":{"line":9,"column":46},"end":{"line":9,"column":67}},"type":"binary-expr","locations":[{"start":{"line":9,"column":46},"end":{"line":9,"column":49}},{"start":{"line":9,"column":53},"end":{"line":9,"column":67}}],"line":9},"2":{"loc":{"start":{"line":11,"column":38},"end":{"line":11,"column":85}},"type":"if","locations":[{"start":{"line":11,"column":38},"end":{"line":11,"column":85}},{"start":{"line":11,"column":38},"end":{"line":11,"column":85}}],"line":11},"3":{"loc":{"start":{"line":13,"column":40},"end":{"line":13,"column":82}},"type":"if","locations":[{"start":{"line":13,"column":40},"end":{"line":13,"column":82}},{"start":{"line":13,"column":40},"end":{"line":13,"column":82}}],"line":13},"4":{"loc":{"start":{"line":13,"column":44},"end":{"line":13,"column":65}},"type":"binary-expr","locations":[{"start":{"line":13,"column":44},"end":{"line":13,"column":47}},{"start":{"line":13,"column":51},"end":{"line":13,"column":65}}],"line":13},"5":{"loc":{"start":{"line":13,"column":123},"end":{"line":13,"column":178}},"type":"if","locations":[{"start":{"line":13,"column":123},"end":{"line":13,"column":178}},{"start":{"line":13,"column":123},"end":{"line":13,"column":178}}],"line":13},"6":{"loc":{"start":{"line":13,"column":127},"end":{"line":13,"column":150}},"type":"binary-expr","locations":[{"start":{"line":13,"column":127},"end":{"line":13,"column":132}},{"start":{"line":13,"column":136},"end":{"line":13,"column":150}}],"line":13},"7":{"loc":{"start":{"line":13,"column":196},"end":{"line":13,"column":583}},"type":"if","locations":[{"start":{"line":13,"column":196},"end":{"line":13,"column":583}},{"start":{"line":13,"column":196},"end":{"line":13,"column":583}}],"line":13},"8":{"loc":{"start":{"line":13,"column":243},"end":{"line":13,"column":299}},"type":"binary-expr","locations":[{"start":{"line":13,"column":243},"end":{"line":13,"column":264}},{"start":{"line":13,"column":268},"end":{"line":13,"column":299}}],"line":13},"9":{"loc":{"start":{"line":13,"column":324},"end":{"line":13,"column":579}},"type":"if","locations":[{"start":{"line":13,"column":324},"end":{"line":13,"column":579}},{"start":{"line":13,"column":324},"end":{"line":13,"column":579}}],"line":13},"10":{"loc":{"start":{"line":13,"column":389},"end":{"line":13,"column":461}},"type":"cond-expr","locations":[{"start":{"line":13,"column":413},"end":{"line":13,"column":454}},{"start":{"line":13,"column":457},"end":{"line":13,"column":461}}],"line":13},"11":{"loc":{"start":{"line":13,"column":463},"end":{"line":13,"column":577}},"type":"if","locations":[{"start":{"line":13,"column":463},"end":{"line":13,"column":577}},{"start":{"line":13,"column":463},"end":{"line":13,"column":577}}],"line":13},"12":{"loc":{"start":{"line":13,"column":467},"end":{"line":13,"column":497}},"type":"binary-expr","locations":[{"start":{"line":13,"column":467},"end":{"line":13,"column":471}},{"start":{"line":13,"column":476},"end":{"line":13,"column":484}},{"start":{"line":13,"column":488},"end":{"line":13,"column":496}}],"line":13},"13":{"loc":{"start":{"line":13,"column":609},"end":{"line":13,"column":647}},"type":"if","locations":[{"start":{"line":13,"column":609},"end":{"line":13,"column":647}},{"start":{"line":13,"column":609},"end":{"line":13,"column":647}}],"line":13},"14":{"loc":{"start":{"line":51,"column":6},"end":{"line":51,"column":32}},"type":"if","locations":[{"start":{"line":51,"column":6},"end":{"line":51,"column":32}},{"start":{"line":51,"column":6},"end":{"line":51,"column":32}}],"line":51}},"s":{"0":1,"1":1,"2":1,"3":2,"4":1,"5":0,"6":1,"7":1,"8":0,"9":1,"10":1,"11":0,"12":1,"13":1,"14":0,"15":1,"16":1,"17":1,"18":1,"19":11,"20":11,"21":11,"22":0,"23":11,"24":1,"25":1,"26":1,"27":1,"28":1,"29":1,"30":1,"31":1,"32":1,"33":1,"34":1,"35":1,"36":1,"37":1,"38":1,"39":1,"40":0,"41":1,"42":1,"43":1,"44":1,"45":1,"46":1,"47":1,"48":1,"49":1,"50":1,"51":1,"52":1,"53":1,"54":1},"f":{"0":2,"1":1,"2":0,"3":1,"4":1,"5":1,"6":1,"7":1,"8":1,"9":1,"10":1,"11":1,"12":1,"13":1,"14":1},"b":{"0":[1,1],"1":[2,2],"2":[0,1],"3":[0,1],"4":[1,1],"5":[0,1],"6":[1,1],"7":[1,0],"8":[1,1],"9":[11,0],"10":[11,0],"11":[0,11],"12":[11,11,11],"13":[1,0],"14":[0,1]},"_coverageSchema":"43e27e138ebf9cfc5966b082cf9a028302ed4184","hash":"57bdc3e5612d346ad16e05a3edf87be241e4b95a","contentHash":"ee429d7c8343fd27860361aa1221483cb4f7b41da5b4539dc3b01b336b373460"}}